0004C2:[000826]
0005A0:[000984]
0005A6:[000F72]
0005AC:[000E42]
0007E2:[0007FA, 000810]
000824:[000BEA, 000EAA, 001096, 001380, 0026FE, 004A8A, 004BDC, 005606, 0154DA, 015D4E, 017032, 018272, 05C330, 05C8DA, 05D846, 0613D0]
000BEE:[000A10]
000BFC:[000826]
000C0A:[000826]
000C12:[00283A]
000C1C:[064504]
000C26:[0006EE]
000C76:[000826]
000C80:[000924]
000E6E:[00283A]
000E7E:[00087E]
000E82:[002B24]
000E92:[003BEC]
000EB8:[000826]
000EE0:[00087E]
000EF2:[000A42]
000FFE:[00100A, 001026, 00104E]
0010AA:[00087E]
0010BC:[00087E]
0010C4:[0018B8]
0010DC:[002530]
0010E0:[002652]
0010E4:[018114]
0010EA:[0024AE]
0010EE:[000A22]
0010F2:[000A16]
0010F6:[00295E]
00118C:[002530]
00119A:[000826]
0011A8:[000826]
0011AC:[000850]
0011D8:[000860]
0011E0:[000860]
0011E8:[000860]
0011F0:[000860]
0011F8:[000860]
001200:[000860]
001204:[002210]
001212:[00555C]
001234:[002852]
001252:[002852]
001392:[000850]
0013BA:[0013C4, 0013FA]
0013EC:[00087E]
001442:[00087E]
001518:[001878, 0018A0]
00153A:[00181C, 001858]
001930:[001982]
001BE4:[001C0E, 001C56]
0021E0:[001BB8]
0021EC:[064504]
002218:[000860]
002220:[000860]
002228:[000860]
002230:[000860]
002280:[0022A6, 0022B0, 0022BC, 0022C6, 0022D0, 0022DE, 0022E8, 0022F4, 002308, 002314, 002324]
002462:[00283A]
002482:[00283A]
002492:[00283A]
0024FE:[00283A]
002560:[00283A]
002570:[00283A]
002664:[00087E]
00267E:[00087E]
002720:[00087E]
00273C:[000850]
002D96:[002D9E]
002DCA:[00295E]
002DD8:[002C6E]
002E0A:[00295E]
002E28:[002E82]
002EAE:[00295E]
0033D2:[0033EE, 00342C]
003436:[003460, 003522, 003530]
003558:[003574, 0035B2, 00364E]
0035BC:[0035E6]
0036CA:[00371E, 00373E, 00375E, 00377E, 00379E, 0037BE, 0037DE, 0037FE, 00381E]
003708:[003726, 003746, 003766, 003786, 0037A6, 0037C6, 0037E6]
003C7C:[003C9A, 003CA6, 003CAA, 003CAE, 003CB8, 003CBC]:[Damnd, Sodom, Edi E, Rolento, Abigail, Belgar]
003D40:[003D60, 003D72, 003D84, 003D88, 003D8C, 003D92]
003DCA:[002884]
003F98:[0009DE]
004478:[003AD6]
0044AE:[003A18]
0044F2:[003BEC]
0044FC:[0039C0]
0045EC:[003BEC]
0045F8:[0039C0]
004634:[003BEC]
00463E:[0039C0]
00469A:[003BEC]
0046A4:[0039C0]
0046D0:[0009E4]
004702:[003A18]
004A18:[004A50, 004A62]
004A3C:[001E20]
004A44:[0009E4]
004AC2:[00053E, 0008B2]
004AF0:[0019E8]
004B1E:[0019E8]
004B6A:[001258, 001308, 0014AE, 001902, 00261C, 002652, 004BAA, 004BCE]
004BAE:[000938]
004BD4:[000938]
004BE0:[000A10]
004C68:[00283A]
004C70:[00087E]
004C78:[00087E]
004C8C:[004CA0, 004D08, 004D36, 004DFC, 004E70, 004E92, 004F3C]
004CAA:[0092F6]
004CB0:[0029EA]
004CC4:[000826]
004CCC:[00087E]
004CDA:[000826]
004CE8:[000826]
004CFC:[000826]
004D0E:[009592]
004D3C:[000A10]
004DAE:[0095B4]
004DB4:[061D56]
004DBA:[002260]
004E02:[05D9F4]
004E10:[00562A]
004E18:[00050E]
004E1C:[006358]
004E24:[00050E]
004E28:[005FE8]
004E2C:[061D56]
004E36:[00050E]
004E3A:[0165BC]
004E4C:[0025FC]
004F0E:[000826]
004F16:[00087E]
004F44:[004F52, 004FC2, 005032, 00515A]
004F56:[005676]
004F78:[00390C]
004FC6:[0056D0]
004FE8:[00390C]
005032:[005676]
00503E:[005046, 005052]
00505A:[00509E]
00509E:[00390C]
00515A:[005676]
00516A:[0025FC]
005444:[003BEC]
00560E:[00087E]
00562E:[05AC88]
005634:[005726]
005638:[05B178]
005646:[00050E]
005652:[00050E]
005656:[0059DC]
005676:[005726]
00567A:[05B178]
005688:[00050E]
0056A8:[00050E]
0056AC:[006358]
0056B4:[00050E]
0056B8:[005FE8]
0056BC:[061D56]
0056C6:[00050E]
0056CA:[0165BC]
0056D0:[005726]
0056D4:[05B178]
0056E2:[00050E]
0056FE:[00050E]
005702:[006358]
00570A:[00050E]
00570E:[005FE8]
005712:[061D56]
00571C:[00050E]
005720:[0165BC]
005726:[002B42]
00573A:[008C30]
005754:[00A51A]
00577C:[0057D6, 005A04]
005780:[00A51A]
0057E4:[021CA8, 0280F6, 02A2CC, 02CC68, 031328, 035108, 03896C, 03C3FA, 03C442]
005828:[01A1AC, 01AA18, 01B2A8, 01B434, 01B600, 01B6C8, 01B802, 01B90C, 01BA22, 01BC6C, 01BD2E, 01BE5E, 01C48C, 01CF0C, 01D0AE, 01D34E, 01D54C, 01D656, 01D8E6, 01E178, 01E264, 01E4DC, 01ECB4, 01EF1A, 01F160, 01F2EA, 01F36C, 01F48E, 01F51E, 01FA16, 01FAB2, 01FB5C, 01FC1A, 01FED2, 02004C, 02013E, 02029C, 020358, 020A64, 020B66, 020C3A, 020CA2, 020D46, 020DE4, 020F0A, 020F7C, 02163A, 0216C6, 02188C, 021920, 02199A, 021B98]
005942:[057A22, 05823A, 058AC8, 05930A, 059526, 059ADA]
005984:[05155A, 05176A, 051BB0, 051FCC, 05229A, 05242A, 0526A8, 052940, 052CF2, 052F38, 05363E, 053F1C, 0541F0, 0543BE, 054590, 05472E, 054AFE, 054DAC, 055196]
005A12:[03D38A, 040C22, 045F40, 048A2A, 04BE1A, 04E9F4, 0513AC]
005A7C:[0554EE, 05569A, 0558D8, 055B32, 0560CE, 056146]
005AC6:[005AD4, 005B10, 005D66]
005B20:[005B28, 005BF4]
005B34:[005B40, 005B6A]
005BA8:[005BC0, 005BDC]
005C00:[005C08, 005C78]
005C10:[005C4C, 005C62, 005C76]
005C80:[005C90, 005CDC, 005CE8, 005D00, 005D18, 005D36]
005C98:[005CA0, 005CC4]
005CB0:[00390C]
005D3E:[005D46, 005D52]
005E6E:[003E4E]
005E74:[003858]
005E88:[003948]
005FA6:[05A506]
005FD4:[056388, 056DF0]
005FF6:[027F80]
006008:[006014, 00605C, 00614A]
006068:[00607A, 0060A8]
006174:[006190, 00623A, 00624A, 00625A, 00626A, 00627A, 0062A8]
0061AA:[003E4E]
0061B2:[003858]
006240:[0038D0]
006250:[003894]
006260:[00390C]
006270:[003948]
0062AE:[003984]
006388:[0063B4, 0063FA, 006434, 00649C, 0064D6]
0066A2:[002852]
0066AA:[002852]
00683A:[00684C, 00685E, 006880]
006874:[00287A]
006878:[000ABA]
006896:[00287A]
00689A:[000AEA]
0068BC:[0068CC, 006918, 006938]
0069E4:[002896]
0069FA:[006A0C, 006AB4, 006B26]
006A60:[002852]
006A66:[002896]
006C80:[006C8C, 006C98, 006CA4, 006CB0]
006E16:[00286A]
00706C:[007088, 0070A8, 007330]
007092:[007330, 00737A, 0073A6, 007418]
0070B2:[0070DC, 007118, 007164, 0071E4, 0071EC, 0071F4]
007160:[002896]
007174:[053136]
007204:[00390C]
0072BA:[0009E4]
007304:[0009E4]
007376:[002896]
007404:[002896]
00740C:[002896]
007432:[03A408]
007466:[002896]
0074AC:[002896]
0074BA:[0074D2, 0074D4, 0074E2]
007542:[00755E, 007592]
007568:[007592, 0075D4, 00760E, 007650, 00768A]
0075CC:[002896]
007606:[002896]
007640:[002896]
007682:[002896]
0076BA:[002896]
0076EE:[002896]
007A26:[007A30, 007A38]
007A84:[002852]
007AD6:[0009E4]
007ADA:[003A5C]
007AF2:[003A5C]
007B0A:[003A5C]
007B22:[003A5C]
007B70:[002852]
007FA2:[008028, 00802C, 008030, 00803E, 00804C, 00805E, 008070, 00807E, 008086, 008096, 0080AE, 0080B6, 0080DE, 0080F0, 0080F8, 008110, 008118, 008130, 008138, 008150, 008158, 0081A6, 0081BE, 0081D6]
0082C8:[008354, 00836A, 008380, 00838C, 0083A4]
0084B6:[00857C, 008580, 008644, 008714, 008720]
008852:[008880]
008C78:[008ED8]
008C86:[00328A]
008E46:[00322A]
0090CA:[0090D6, 00910C, 00919C]
009118:[00912A, 00913E]
0091AC:[0009D0]
0091BA:[0091CE]
0091D4:[0091DE]
0092F6:[0021F6]
00935C:[009F30]
009362:[009F5A]
009592:[00241E]
009596:[064504]
0095A0:[002584]
0095A4:[06256C]
0095AA:[007BEA]
0095AE:[00A018]
0095B4:[06256C]
0095BE:[00A098]
0095C4:[05B172]
0095CA:[003DCE]
009B42:[002884]
009B56:[009BA8, 009BB4, 009BC0, 009BCC, 009BD8, 009BE0, 009BE8, 009BF0, 009BF8]
009C30:[002852]
009C9A:[002884]
00A524:[00A536, 00A56C, 00A5F8, 00A5FE, 00A604, 00A60A]
00A574:[00A57C, 00A592]
00A59E:[003B02]
00A5AA:[0036A2]
00A5B0:[005374]
00A5DE:[001E20]
00A5E4:[00A106]
00A5F8:[00DBC4]
00A5FE:[00E8A4]
00A604:[00C7FC]
00A60A:[0040F0]
00A618:[00A648, 00A786]
00A63A:[0049FA]
00A654:[00CCD4, 00CF58]
00A674:[0036A2]
00A6DE:[00A704, 00A70E, 00A714]
00A78E:[00A91E, 00A968, 00AA5E, 00AACE, 00AB16, 00AB72, 00AC9E, 00B216, 00B352, 00B3A4, 00B810, 00B84E, 00B882, 00B90E, 00B964]
00A7B4:[0036A2]
00A8FA:[000B4A, 000B52, 000B5A]
00A926:[00A942, 00A952]
00A952:[003B02]
00A970:[00A978, 00A9A4]
00A9B0:[003C1E]
00A9B4:[003070]
00A9BC:[007DDE]
00A9E4:[00390C]
00AA06:[003B02]
00AA66:[00AA72, 00AA7C]
00AAAC:[003B02]
00AAD6:[00AAF2, 00AAFC]
00AB1E:[00AB3A, 00AB46]
00AB6C:[003B02]
00AB7A:[00AB84, 00ABB4, 00AC3E]
00ABB4:[003B02]
00AC4A:[003070]
00AC66:[007DDE]
00AC9A:[003B02]
00ACA6:[00ACC0, 00ADA0, 00AE02, 00AF60, 00AFA2, 00B0AA]
00ACE2:[00ACFA, 00AD10, 00AD26, 00AD3C, 00AD52, 00AD60]
00ADAE:[003B02]
00AE0A:[00AE16, 00AE62, 00AEF2, 00AF3E]
00AE72:[003070]
00AE7A:[007DDE]
00AE90:[000AAA]
00AEB4:[000AAA]
00AEEA:[004496]
00AEEE:[003B02]
00AEF2:[003070]
00AEFA:[007DDE]
00AF3A:[003B02]
00AF3E:[003122]
00AF4C:[007DDE]
00AF5C:[003B02]
00AF68:[00AE16, 00AE62, 00AEF2, 00AF74]
00AF74:[003122]
00AF82:[007DDE]
00AF9E:[003B02]
00AFB6:[00AFC0, 00B006, 00B07A]
00AFF8:[004496]
00B014:[00309A]
00B01C:[007DDE]
00B07A:[003B02]
00B07E:[003122]
00B088:[007DDE]
00B0B2:[00B0BE, 00B108, 00B196, 00B1E2]
00B116:[003070]
00B11E:[007DDE]
00B134:[000AAA]
00B158:[000AAA]
00B18E:[004496]
00B192:[003B02]
00B196:[003070]
00B19E:[007DDE]
00B1DE:[003B02]
00B1E2:[003B02]
00B1E6:[003122]
00B1F4:[007DDE]
00B22E:[00B238, 00B27A, 00B2BC]
00B240:[00B24A, 00B2E4, 00B312]
00B276:[000AA2]
00B282:[00B28C, 00B2E4, 00B312]
00B2B8:[000B1A]
00B2C4:[00B2CE, 00B312]
00B2E0:[000B22]
00B2E4:[003B02]
00B2E8:[003070]
00B318:[003B02]
00B34C:[001EFC]
00B35A:[00B366, 00B370]
00B370:[003B02]
00B3BC:[00B3C6, 00B4D8, 00B5B8]
00B3CE:[00B3DC, 00B410, 00B444, 00B474, 00B4A4]
00B3E4:[00B3EC, 00B666]
00B3FC:[003AE2]
00B400:[000BA2]
00B418:[00B420, 00B666]
00B430:[003AE2]
00B434:[000BA2]
00B44C:[00B454, 00B666]
00B464:[003AE2]
00B47C:[00B484, 00B666]
00B494:[003AE2]
00B4AC:[00B4B4, 00B666]
00B4C4:[003AE2]
00B4C8:[000A54]
00B4E0:[00B4EC, 00B520, 00B554, 00B584]
00B4F4:[00B4FC, 00B666]
00B50C:[003AE2]
00B510:[000BA2]
00B528:[00B530, 00B666]
00B540:[003AE2]
00B544:[000BA2]
00B55C:[00B564, 00B666]
00B574:[003AE2]
00B58C:[00B594, 00B666]
00B5A4:[003AE2]
00B5A8:[000A5A]
00B5C0:[00B5CA, 00B5FE, 00B632]
00B5D2:[00B5DA, 00B666]
00B5EA:[003AE2]
00B5EE:[000BA2]
00B606:[00B60E, 00B666]
00B61E:[003AE2]
00B622:[000BA2]
00B63A:[00B642, 00B666]
00B652:[003AE2]
00B656:[000A5A]
00B67E:[003B02]
00B818:[00B82A]
00B82A:[003B02]
00B856:[00B86C]
00B86C:[003B02]
00B88A:[00B892, 00B8E2]
00B8DE:[003AE2]
00B8E2:[003070]
00B8EA:[007DDE]
00B90A:[003B02]
00B916:[00B920, 00B92E, 00B94E]
00B92A:[000AB2]
00B92E:[003B02]
00B94E:[003B02]
00B97A:[00B982, 00B990]
00B98C:[000AB2]
00B996:[003B02]
00BA56:[007C96]
00BBBE:[000A92]
00BBEA:[0009DE]
00BCD2:[00BCDE, 00BCF4, 00BD00, 00BD0C]
00C066:[003B02]
00C07A:[003B3C]
00C3AC:[003AE2]
00C3CA:[003AE2]
00C3E8:[003AE2]
00C406:[003AE2]
00C42A:[003AE2]
00C44C:[003AD6]
00C46A:[003AE2]
00C48E:[003AE2]
00C4CA:[003AE2]
00C506:[003AE2]
00C524:[003AE2]
00C542:[003AE2]
00C560:[003AE2]
00C582:[003AD6]
00C5BE:[003AE2]
00C5DC:[003AE2]
00C5FA:[003AE2]
00C618:[003AE2]
00C636:[003AE2]
00C654:[003AE2]
00C672:[003AE2]
00C690:[003AE2]
00C6AE:[003AE2]
00C6CC:[003AE2]
00C6EA:[003AE2]
00C708:[003AE2]
00C72E:[003AE2]
00C758:[003AD6]
00C776:[003AE2]
00C79C:[003AE2]
00C7C8:[003AE2]
00C806:[00C816, 00C86E, 00C938, 00CB48]
00C80A:[003268]
00C81E:[00C826, 00C852]
00C83A:[00C47A]
00C876:[00C87E]
00C940:[00C954, 00C9A8, 00C9F2, 00CA2E, 00CA7E, 00CAB4, 00CAE2, 00CB3C]
00C964:[00C47A]
00C97E:[00C534]
00C9AE:[003146]
00C9B2:[003B3C]
00C9CE:[00C47A]
00CA1A:[00C534]
00CA48:[00C47A]
00CA94:[00C534]
00CAE8:[003146]
00CAEC:[003B02]
00CB08:[00C47A]
00CC72:[003B02]
00CCDC:[00CCF8, 00CD3E, 00CDBE, 00CE56, 00CEDC, 00D596]
00CD56:[00CD70, 00CD8C]
00CDC6:[00CDCE, 00CDF0]
00CDE8:[004246]
00CDF0:[004180]
00CE3C:[00412C]
00CE6C:[00CE74, 00CEC6]
00CEBA:[002884]
00CEC2:[000A4E]
00CEE4:[00CEEE, 00CF2A, 00CF3C]
00CF10:[000A62]
00CF1E:[002852]
00CF60:[00CF86, 00CFCA, 00D02A, 00D09E, 00D17A, 00D200]
00CFD2:[00CFDE, 00CFFA]
00D032:[00D052, 00D07C]
00D070:[003AD6]
00D0B4:[00D0BE, 00D0E4, 00D150]
00D0E0:[000A7A]
00D12E:[002884]
00D132:[000AAA]
00D136:[01B3E4]
00D14C:[002852]
00D190:[00D198, 00D1EA]
00D1DE:[002884]
00D1E6:[000A72]
00D216:[00D224, 00D260, 00D2EE, 00D3C8]
00D254:[003AE2]
00D28C:[003AE2]
00D2EE:[003070]
00D2F6:[007C96]
00D362:[002884]
00D366:[000AAA]
00D36A:[01B3E4]
00D3AC:[002852]
00D59E:[00D5AA, 00D5E4, 00D6BA, 00D702]
00D600:[00309A]
00D60C:[006C58]
00D614:[007C96]
00D664:[000AAA]
00D674:[009DB8]
00D6B2:[004496]
00D6B6:[003B02]
00D6BA:[00309A]
00D6C2:[007C96]
00D6FE:[003B02]
00D702:[003B02]
00D706:[003122]
00D710:[007C96]
00D760:[000B4A, 000B52]
00D772:[003BEC]
00D7A2:[003BEC]
00D7D2:[003BEC]
00D826:[002852]
00D8A8:[00D8D6, 00D8E8, 00D8FA]
00D90A:[00412C]
00D9CE:[007C96]
00DA22:[003AE2]
00DA2C:[000A9A]
00DA60:[00DA8E, 00DAA0, 00DAB0]
00DAC0:[00412C]
00DB42:[003B02]
00DB52:[003A18]
00DBDC:[00DC2A, 00DCC2, 00DE16, 00DF44, 00E010, 00E04E, 00E08C, 00E170, 00E1B4, 00E20C, 00E24E, 00E28C, 00E2CA, 00E308, 00E346, 00E378, 00E3AA, 00E45C]
00DBE0:[003268]
00DC32:[00DC3C, 00DC66, 00DC8A]
00DCCA:[00DCD8, 00DD14, 00DD5A, 00DD88]
00DD30:[0044EA]
00DD38:[0044EA]
00DD3C:[000AFA]
00DD42:[003B02]
00DD66:[003B02]
00DD88:[003B02]
00DD8C:[003146]
00DE1E:[00DE2A, 00DE6A, 00DE7A, 00DF2A]
00DE7A:[003B02]
00DF4C:[00DF58, 00DF76, 00DF84, 00DFE8]
00DFB0:[003B02]
00DFB4:[003070]
00DFB8:[007E36]
00E018:[00E020, 00E044]
00E056:[00E05E, 00E082]
00E094:[00E0A0, 00E0C4, 00E0E6, 00E14C]
00E10E:[003B02]
00E112:[003070]
00E15C:[003B02]
00E160:[003146]
00E178:[00E180, 00E1AA]
00E1BC:[00E1C4, 00E1E6]
00E214:[00E21C, 00E244]
00E256:[00E25E, 00E282]
00E294:[00E29C, 00E2C0]
00E2D2:[00E2DA, 00E2FE]
00E310:[00E318, 00E33C]
00E34E:[00E356, 00E36E]
00E380:[00E388, 00E3A0]
00E3B2:[00E3C0, 00E41C, 00E430]
00E464:[00E46E, 00E492, 00E4A6]
00E63C:[003B02]
00E640:[003146]
00E8AC:[00E8F2, 00E956, 00ECEA, 00ED24, 00ED5A, 00ED5C]
00E8B0:[003268]
00E8C4:[00E8CE, 00E8E6]
00E94C:[002852]
00E95E:[00E970, 00E97E, 00EAD4]
00E998:[00E9CC, 00EA3A, 00EA96, 00EAA4]
00EADC:[00EAE4, 00EAF2]
00EAF2:[003B02]
00ECF2:[00ECFC, 00ED14]
00ED08:[0024F4]
00ED2C:[00ED36, 00ED4A]
00ED74:[00EDCA, 00EEBE, 00EF8C, 00EFF0, 00F020, 00F116, 00F218, 00F224, 00F29E, 00F32A]
00EDD2:[00EDDC, 00EE0C, 00EE2E]
00EE2E:[003B02]
00EEC6:[00EED2, 00EF02, 00EF44]
00EF02:[003B02]
00EF2A:[004630]
00EF3A:[004630]
00EF3E:[000AFA]
00EF94:[00EE2E, 00EF9E, 00EFCE]
00EFF8:[00F000, 00F00A]
00F00A:[003B02]
00F028:[00F032, 00F04C, 00F08E]
00F04C:[003B02]
00F08E:[003B02]
00F092:[003070]
00F0DE:[004630]
00F0EE:[004630]
00F0F2:[000AFA]
00F110:[000A6A]
00F124:[00F174, 00F19C]
00F136:[00F13E, 00F14E]
00F14A:[004246]
00F16C:[004180]
00F186:[0038D0]
00F22C:[00F238, 00F248, 00F25A]
00F25A:[003B02]
00F2A6:[00F2B2, 00F2BC, 00F2D0, 00F320]
00F2E2:[003B02]
00F2F6:[00390C]
00F332:[00F33E, 00F348, 00F35C]
00F36E:[003B02]
00F690:[003146]
00F694:[003B02]
00F6AE:[0024F4]
0150DC:[00087E]
015502:[00087E]
01550E:[01556E, 0159E8, 015C98]
01551E:[00A11A]
015536:[0051A0]
015558:[0014AE]
015562:[009FC4]
015586:[0014AE]
01559A:[0155A6, 0155E0, 015642]
0155DC:[0014AE]
0155FC:[002D8C]
015610:[00539E]
015620:[0014AE]
015628:[0019D4]
0156BE:[000BB2]
015818:[01583A, 015886]
015824:[015908]
01586A:[001E90]
015872:[002852]
015880:[0014AE]
0158CC:[001F12]
0158E4:[001F12]
0158FC:[001F12]
015A16:[015A20, 015A50, 015A62]
015A24:[0014AE]
015A7E:[0014AE]
015AB8:[000BBA]
015AD0:[000BBA]
015BFC:[00295E]
015CA0:[015CA8]
015CAC:[0014AE]
015CB0:[0150AA]
015D76:[00087E]
015D82:[015DE2, 015FD8, 016596]
015FF6:[016000, 016014]
01601C:[016028, 016040]
016076:[002E1E]
01608C:[0160AE, 0160FA]
016098:[01617C]
0160DE:[001E90]
0160E6:[002852]
016158:[001F12]
0161FE:[0014AE]
016206:[0014AE]
016240:[0014AE]
016248:[0014AE]
01659E:[0165A6, 0165BA]
016816:[016832, 016894, 0168CC]
01692E:[0169CA, 016A16, 016A6C, 016AFE, 016BA6, 016CCE, 016D58]
017088:[064504]
01708E:[000A10]
01709A:[0170E2, 017140, 017316, 017532, 017828, 0179E8, 017ABE, 017BF6, 017D2E, 017E66, 018008]
0170BE:[0009D0]
0170C6:[00087E]
0170EA:[0170F2, 01711A]
017108:[002530]
017116:[00283A]
017148:[017182, 01720E, 01723A, 017262, 017292, 0172B4, 0172DE, 0172FE]
0171A6:[0021E4]
0171AC:[0624B8]
0171B2:[062512]
0171BC:[001BB8]
0171D0:[062B00]
0171E6:[062B98]
0171EC:[009842]
0171F2:[00390C]
01720A:[0024AE]
017236:[00580A]
01728E:[0009E4]
0172A2:[002530]
0172B0:[00283A]
0172D4:[00283A]
0172D8:[0024AE]
0172E8:[002530]
0172F6:[00283A]
017310:[0009E4]
01731E:[01733A, 01738C, 0173B6, 017404, 01745A, 017482, 0174AA, 017502, 017522]
017322:[00580A]
017352:[062B00]
017368:[062B98]
01736E:[009842]
017388:[0024AE]
0173DE:[00390C]
0174C0:[00390C]
0174DA:[00390C]
01750C:[002530]
01751A:[00283A]
01753A:[0175BA, 017672, 017690, 0176BA, 0176E2, 01773E, 01776A, 017792, 0177B2, 0177D4, 0177F2, 017812]
017550:[017578, 017584, 01759E, 0175B8]
017554:[00580A]
017598:[0009E4]
0175B2:[0009E4]
0175D4:[0009E4]
017600:[062B00]
017616:[062B98]
01761C:[009842]
017622:[00390C]
01766E:[0024AE]
0176F2:[009842]
017708:[062B00]
01770E:[00390C]
017766:[00580A]
0177AC:[0009E4]
0177BC:[002530]
0177CA:[00283A]
0177D0:[00580A]
0177E8:[00283A]
0177EC:[0024AE]
0177FC:[002530]
01780A:[00283A]
017818:[009842]
017830:[017840, 01788C, 0178E4, 01790C, 017934, 01795A]
01786C:[062B38]
017882:[062C6A]
017888:[002478]
017944:[002530]
017952:[00283A]
01797A:[00283A]
0179F0:[0179FE, 017A32, 017A50]
017A20:[00283A]
017A2E:[0024AE]
017A3C:[002530]
017A4A:[00283A]
017A56:[0025FC]
017A64:[000860]
017AC6:[017AD8, 017AFC, 017B12, 017B34, 017BB0, 017BC2, 017BE2]
017AF6:[000826]
017B1C:[002530]
017B20:[000A10]
017B2E:[00283A]
017B56:[064504]
017B5C:[0624B8]
017B62:[062512]
017B78:[062B38]
017B8E:[062C6A]
017B98:[0014AE]
017BAA:[002478]
017BCC:[002530]
017BDA:[00283A]
017BFE:[017C10, 017C34, 017C4A, 017C6C, 017CE8, 017CFA, 017D1A]
017C2E:[000826]
017C54:[002530]
017C58:[000A10]
017C66:[00283A]
017C8E:[064504]
017C94:[0624B8]
017C9A:[062512]
017CB0:[062B38]
017CC6:[062C6A]
017CD0:[0014AE]
017CE2:[002478]
017D04:[002530]
017D12:[00283A]
017D36:[017D48, 017D6C, 017D82, 017DA4, 017E20, 017E32, 017E52]
017D66:[000826]
017D8C:[002530]
017D90:[000A10]
017D9E:[00283A]
017DC6:[064504]
017DCC:[0624B8]
017DD2:[062512]
017DE8:[062B38]
017DFE:[062C6A]
017E08:[0014AE]
017E1A:[002478]
017E3C:[002530]
017E4A:[00283A]
017E76:[017E80, 017ECE, 017F74]
017E8E:[000826]
017EB6:[00298C]
017EBA:[002530]
017EC8:[000826]
017EF8:[000860]
017EFC:[002530]
017F0A:[00283A]
017F98:[000A10]
018010:[01801A, 018040, 01805E]
018024:[064504]
018034:[00283A]
01803C:[0024AE]
01804A:[002530]
018058:[00283A]
01811E:[000826]
01812E:[064504]
018166:[0025FC]
018244:[000860]
01824C:[000860]
018254:[000860]
01825C:[000860]
018264:[000860]
01826C:[000860]
01829A:[000A10]
0182A6:[0182C6, 018310, 0184F2, 01860A, 01875A]
0182AE:[00087E]
0182CE:[0182D6, 018300]
0182DA:[002530]
0182FC:[00283A]
018318:[018354, 018422, 01842A, 018444, 018488, 018496, 0184BA]
018338:[003122]
01833C:[00580A]
018340:[0165BC]
01836A:[0021E4]
018370:[009842]
018376:[009634]
01837C:[0624B8]
018382:[062512]
0183BA:[062B00]
0183D4:[062B98]
0183E6:[00390C]
01841E:[0009E4]
018426:[002478]
01846A:[0009E4]
01846E:[01B3E4]
018492:[002556]
0184A0:[009634]
0184A6:[009842]
0184FE:[018514, 0185AE, 0185CC, 0185FA]
018502:[00580A]
018506:[0165BC]
01852A:[0021E4]
018530:[009842]
018536:[0624B8]
01853C:[062512]
018542:[009634]
018558:[062B00]
01856E:[062B98]
018574:[00390C]
018586:[00390C]
0185AA:[002478]
0185DA:[002530]
0185DE:[009634]
0185E4:[009842]
018612:[018646, 0186D6, 01871E, 018744]
018636:[0009E4]
01863A:[00580A]
018662:[0021E4]
018668:[0624B8]
01866E:[062512]
018674:[009842]
01868A:[062B00]
0186A0:[062B98]
0186A6:[0024AE]
0186C0:[00283A]
0186E0:[00390C]
01871A:[00283A]
018728:[00087E]
018730:[002530]
01873E:[00283A]
018752:[009842]
018762:[0187A6, 01883A, 018852, 018870, 018886]
018778:[00580A]
01877E:[0165BC]
0187D4:[0021E4]
0187DA:[009842]
0187E4:[00390C]
0187FC:[00390C]
018814:[00390C]
018836:[002478]
01884C:[002566]
018862:[0025FC]
018866:[00262A]
01886A:[002638]
018880:[002488]
018C00:[0624B8]
018C06:[062512]
018C74:[062B00]
018C82:[062B98]
018D2E:[062AA8]
018D34:[062C9E]
018D3A:[062CE8]
018D40:[062EBA]
018D60:[062AA8]
018D66:[062C9E]
018D6C:[062CE8]
018D72:[063042]
018DB6:[062AD4]
018DBC:[062CC4]
018DC2:[062D1E]
018DC8:[062FFA]
018DE8:[062AD4]
018DEE:[062CC4]
018DF4:[062D1E]
018DFA:[06319A]
018E0E:[004748]
018E38:[018E44, 018E66]
01A1B6:[01A1CA, 01A32C, 01A360, 01A416, 01A4BA, 01A544, 01A5CC]
01A1D2:[01A1DE, 01A20C, 01A2F8, 01A642]
01A30C:[004796]
01A320:[004796]
01A334:[01A33E, 01A344, 01A642]
01A35A:[004796]
01A368:[01A374, 01A398, 01A642]
01A3DC:[003BEC]
01A41E:[01A42A, 01A44E, 01A642]
01A4C2:[01A4CE, 01A4F4, 01A642]
01A54C:[01A558, 01A57C, 01A642]
01A5D4:[01A5E0, 01A5F0]
01A642:[0038F2]
01A652:[004796]
01AA20:[01AA2C, 01AAF4, 01AC04]
01AA34:[01AA3C, 01AA4E]
01AA64:[0049A2, 0049CE]
01AB2E:[0047B0, 0047DA, 004806, 004838, 0048D4, 004900]
01AB62:[0048D4]
01AC10:[0038F2]
01B2B0:[01B2BC, 01B2C8, 01B32E]
01B2D0:[01B2E8, 01B2F6, 01B30C, 01B322]
01B332:[0038F2]
01B340:[0009E4]
01B34E:[0009E4]
01B3EA:[00390C]
01B42A:[01B52E]
01B43C:[01B448, 01B4D6, 01B546]
01B48A:[01B494, 01B4AA, 01B4B2]
01B50E:[01B528, 01B52E, 01B538]
01B54A:[0038F2]
01B608:[01B614, 01B65E]
01B61C:[01B624, 01B632]
01B658:[0009E4]
01B6D0:[01B6DC, 01B6F8]
01B6E8:[0049A2]
01B700:[01B70A, 01B72E, 01B74E]
01B70E:[003BEC]
01B78A:[0047B0]
01B80A:[01B816, 01B828]
01B81E:[00476C]
01B830:[01B838, 01B85C]
01B83C:[003BEC]
01B914:[01B920, 01B962]
01BA2A:[01BA36, 01BA48, 01BAAE]
01BA3A:[00476C]
01BA50:[01BA82, 01BA9E]
01BA86:[003BEC]
01BAAE:[0038F2]
01BC74:[01BC80, 01BCA4, 01BCE0]
01BCAC:[01BCB4, 01BCD0]
01BCB8:[003BEC]
01BCE0:[0038F2]
01BD0A:[0047B0]
01BD38:[01BD44, 01BDA8, 01BDAC]
01BD4E:[01BD5A, 01BD8A]
01BD5E:[00390C]
01BD90:[00322A]
01BDA4:[003AD6]
01BDA8:[0038F2]
01BDB2:[00381E]
01BE66:[01BE72, 01BE96, 01BF48]
01BE7E:[0049A2]
01BE9E:[01BEA6, 01BED6]
01BF10:[004870]
01BF2E:[004870]
01BF48:[0038F2]
01C494:[01C4A0, 01C4AE, 01C7DC]
01C4B6:[01C4C6, 01C50C, 01C59C, 01C65C, 01C708, 01C7B0]
01C4CE:[01C4D6, 01C4E8]
01C506:[004806]
01C514:[01C51E, 01C530, 01C552]
01C58A:[0047B0]
01C5A4:[01C5AE, 01C5C0, 01C5E2]
01C600:[00390C]
01C618:[00390C]
01C64A:[0047B0]
01C664:[01C66E, 01C680, 01C6A2]
01C6D8:[004806]
01C6F6:[0047B0]
01C710:[01C71A, 01C72C, 01C74E]
01C780:[004806]
01C79E:[0047B0]
01C7D6:[004806]
01C7DC:[0038F2]
01CF14:[01CF20, 01CF36, 01CFEA]
01CF3E:[01CF4A, 01CF56, 01CF8E, 01CFB0]
01CFE0:[004932]
01CFEA:[0038F2]
01D0B6:[01D0C2, 01D0C8, 01D14A]
01D0D0:[01D0D8, 01D0EE]
01D104:[00390C]
01D138:[004838]
01D14A:[0038F2]
01D356:[01D362, 01D374, 01D3CE]
01D366:[00476C]
01D37C:[01D3B2, 01D3BE]
01D3CE:[0038F2]
01D554:[01D560, 01D584]
01D56C:[0049CE]
01D57A:[00476C]
01D58C:[01D5AA, 01D5C2, 01D5DC, 01D5FE]
01D59C:[0049CE]
01D65E:[01D66A, 01D6C4, 01D736]
01D69A:[004774]
01D6AA:[004774]
01D6BA:[004774]
01D71A:[00467A]
01D726:[00467A]
01D732:[00467A]
01D736:[0038F2]
01D8F0:[01D90A, 01D9AA, 01D9FA, 01DA28, 01DA7E, 01DC44]
01D912:[01D91E, 01D92E]
01D9B2:[01D9BE, 01D9CE]
01DA02:[01DA0E, 01DA14, 01DD2A]
01DA24:[0047B0]
01DA30:[01DA3C, 01DA42, 01DD2A]
01DA5E:[0047B0]
01DA7A:[0047B0]
01DA86:[01DA92, 01DAC8]
01DA9A:[01DAA2, 01DAAE]
01DAD0:[01DAD8, 01DB0A]
01DC4C:[01DC58, 01DC5E, 01DD2A]
01DC6E:[0048A8]
01DD2A:[0038F2]
01DD3A:[004796]
01DD4A:[004838]
01E0D0:[01E0DC, 01E0F8]
01E0E8:[0049CE]
01E100:[01E108, 01E114]
01E146:[0049CE]
01E14C:[00476C]
01E180:[01E18C, 01E1A4]
01E190:[00322A]
01E1A0:[003AE2]
01E1BC:[003AE2]
01E1C0:[00322A]
01E1C4:[0036A2]
01E26E:[01E278, 01E324, 01E3DE]
01E280:[01E28C, 01E2A0, 01E444]
01E2A8:[01E2C0, 01E2DC]
01E2B6:[003B76]
01E2C4:[003BEC]
01E2E2:[00390C]
01E32C:[01E338, 01E348, 01E444]
01E33C:[00322A]
01E344:[003AE2]
01E350:[01E372, 01E38E, 01E3CA]
01E354:[00322A]
01E358:[00368C]
01E366:[003B76]
01E372:[003B02]
01E3C4:[003AE2]
01E3CA:[003B02]
01E3E6:[01E3F2, 01E410, 01E444]
01E40C:[003AE2]
01E43C:[00322A]
01E440:[0036A2]
01E444:[0038F2]
01E4E8:[01E4F2, 01E6F0, 01E7AC]
01E4FA:[01E506, 01E536]
01E506:[00322A]
01E530:[003AE2]
01E540:[01E550, 01E62E, 01E674, 01E6EA]
01E544:[003268]
01E576:[003AE2]
01E594:[003AE2]
01E5A0:[003B02]
01E5C6:[003AE2]
01E5CE:[00288C]
01E5F4:[003AE2]
01E5F8:[000BCA]
01E656:[003AE2]
01E6C0:[003AE2]
01E6C4:[003146]
01E6CE:[003B02]
01E6DA:[0031BA]
01E6EC:[0038F2]
01E6F8:[01E6EC, 01E704, 01E730]
01E704:[00322A]
01E72A:[003AE2]
01E78C:[003268]
01E7A8:[003AE2]
01E7B4:[01E7C0, 01E80A, 01E80E]
01E806:[003AE2]
01E80A:[0038F2]
01E81C:[003B02]
01E840:[003268]
01ECBE:[01ECC6, 01ED5A]
01ECCE:[01ECDA, 01ECEC, 01EE22]
01ED0A:[00390C]
01ED62:[01ED6E, 01EDB6, 01EE22]
01ED82:[003AE2]
01EDBE:[01EDDC, 01EDFC, 01EE1A]
01EDE4:[003B02]
01EDE8:[00368C]
01EDF4:[003AE2]
01EDF8:[00368C]
01EE02:[003B02]
01EE06:[00368C]
01EE12:[003AE2]
01EE16:[00368C]
01EE1A:[003B02]
01EE1E:[00368C]
01EE22:[0038F2]
01EF24:[01EF2C, 01EFFC]
01EF34:[01EF40, 01EF5E, 01F058]
01EF6A:[01EF7A, 01EF9C, 01EFBE, 01EFE0]
01EF6E:[00368C]
01F004:[01F010, 01F036, 01F058]
01F052:[00368C]
01F058:[0038F2]
01F064:[003AD6]
01F168:[01F174, 01F1A0, 01F1CE]
01F196:[003AD6]
01F1C6:[00322A]
01F1CA:[0036A2]
01F1CE:[0038F2]
01F2F2:[01F2FE, 01F30A]
01F306:[003AE2]
01F336:[003268]
01F374:[01F380, 01F392, 01F40C]
01F38E:[003AD6]
01F3C0:[00322A]
01F3C6:[00368C]
01F3FA:[00322A]
01F400:[00368C]
01F40C:[0038F2]
01F496:[01F4A2, 01F4A8]
01F526:[01F532, 01F594, 01F59C, 01F5A0]
01F55E:[01F580, 01F96C]
01F586:[003AE2]
01F59C:[0038F2]
01F5AA:[01F5B8, 01F65C, 01F6E6, 01F740]
01F5C0:[01F5D0, 01F5DE, 01F600, 01F626]
01F5C4:[003268]
01F5F0:[03F2A0]
01F5FA:[0009DE]
01F600:[003B02]
01F616:[03F2A0]
01F620:[0009DE]
01F62C:[003B02]
01F664:[01F672, 01F680, 01F6AE]
01F668:[003268]
01F68C:[022EA2]
01F692:[003B02]
01F6EE:[01F6FA, 01F708]
01F6F2:[003268]
01F748:[01F762, 01F77C, 01F79C, 01F7CC, 01F7EA, 01F82A, 01F862, 01F89A]
01F74C:[003268]
01F7C6:[0009E4]
01F7E4:[003AE2]
01F7EA:[003B02]
01F800:[00390C]
01F83A:[00390C]
01F85E:[003B02]
01F862:[003B02]
01F872:[00390C]
01F896:[0024F4]
01F89A:[003B02]
01F97A:[022DA6, 03F268]
01F996:[022DC0, 03F270]
01F9A4:[003146]
01F9A8:[003B02]
01F9B6:[003146]
01F9BA:[003B3C]
01FA1E:[01FA2A, 01FA30, 01FAAE]
01FA3A:[01FA42, 01FA70]
01FA42:[004740]
01FA80:[004740]
01FAAE:[0038F2]
01FABA:[01FAC6, 01FB58]
01FAE6:[003E4E]
01FAEC:[003858]
01FB58:[0038F2]
01FB64:[01FB70, 01FB8E, 01FBD4]
01FBB2:[003AD6]
01FBC8:[00368C]
01FBD4:[0038F2]
01FC22:[01FC2E, 01FC3E, 01FD08]
01FC6E:[01FC80]
01FCB4:[0014AE]
01FCC2:[002154]
01FCD0:[002160]
01FCD8:[0014AE]
01FD08:[0038F2]
01FEDA:[01FEE6, 01FF76, 020026, 020048]
01FEEE:[01FF00, 01FF22, 01FF3C, 01FF54, 01FF66]
01FF1E:[0014AE]
01FF36:[0014AE]
01FF50:[0014AE]
01FF62:[0014AE]
01FF82:[000BB2]
01FF96:[00211E]
01FF9E:[0019E8]
01FFDE:[00390C]
020000:[002148]
02000A:[002154]
02003A:[0014AE]
020042:[0014AE]
020048:[0038F2]
020054:[020060, 0200A4, 02012E, 02013A]
020068:[020070, 02008A]
0200AC:[000BB2]
0200DC:[00211E]
0200E4:[0019E8]
020118:[00555C]
02013A:[0038F2]
020146:[020152, 02016E, 02021C]
020168:[04AFFE]
020176:[020198, 0201CE, 0201E6, 0201F6, 020206]
02017E:[00322A]
020182:[00368C]
0201BA:[003B3C]
0201E2:[003B02]
020200:[04AFFE]
020206:[003B02]
02021C:[0038F2]
020248:[04B00E]
020252:[04B006]
02025A:[00390C]
0202A4:[0202B0, 0202BE, 020354]
020354:[0038F2]
020360:[02036E, 02049A, 020664, 0207EA]
020376:[020382, 0203B8, 0208E0]
0203AE:[003AE2]
0203C0:[0203D2, 020402, 02046E]
0203C4:[003B02]
0203C8:[003268]
020432:[003BEC]
020444:[003AE2]
02046E:[003146]
020478:[007D2E]
0204A2:[0204AE, 020518, 0208E0]
0204D6:[003BEC]
0204F4:[003AE2]
020520:[020534, 020560, 02059A, 020638]
020524:[003B02]
020528:[003268]
02053C:[007D2E]
020568:[007D2E]
0205A2:[007D2E]
0205C8:[003BEC]
0205E0:[003BEC]
0205F2:[003AE2]
020638:[003146]
020642:[007D2E]
02066C:[020678, 0206AC, 0208E0]
0206A4:[003AE2]
0206B4:[0206C8, 0206E6, 020720, 0207BE]
0206B8:[003B02]
0206BC:[003268]
0206D0:[007D2E]
0206EE:[007D2E]
020728:[007D2E]
02074E:[003BEC]
020766:[003BEC]
020778:[003AE2]
0207BE:[003146]
0207C8:[007D2E]
0207F2:[0207FE, 020892, 0208E0]
02083E:[003AE2]
02089A:[0208AA, 0208BE]
02089E:[003B02]
0208A2:[003268]
0208E0:[0038F2]
020908:[003948]
02092E:[003948]
020A6C:[020A78, 020A96, 020AA2]
020AA2:[0038F2]
020B6E:[020B7A, 020B80]
020C42:[020C4E, 020C6C, 020C9E]
020C76:[003268]
020C94:[003268]
020C9E:[0038F2]
020CAA:[003858]
020CC4:[020CCE, 020CF6, 020D1E]
020D42:[0038F2]
020D4E:[020D5A, 020D92, 020DB8]
020D80:[003AE2]
020D98:[003B02]
020DAA:[001258]
020DAE:[0036A2]
020DC0:[001258]
020DC4:[0038F2]
020DEC:[020DF8, 020E30, 020E56]
020E1E:[003AE2]
020E36:[003B02]
020E48:[001258]
020E4C:[0036A2]
020E5E:[001258]
020E62:[0038F2]
020F12:[020F1E, 020F2A, 020F54]
020F26:[003AE2]
020F4A:[003268]
020F54:[0038F2]
020F86:[020F96, 021130, 02120C]
020F9E:[020FAA, 021054]
020FCA:[003AE2]
020FCE:[00390C]
020FFA:[00390C]
021026:[00390C]
02105C:[021072, 0210A2, 0210BE, 0210DA, 0210F0, 021106, 02112E]
021060:[003268]
021128:[003AE2]
021138:[021144, 021184]
021180:[003AE2]
02118C:[02119C, 0211A8, 0211CE, 0211FC]
021190:[003268]
0211CE:[003B02]
0211D2:[003146]
0211FC:[003B02]
021200:[003146]
021214:[021220, 02124C]
021248:[003AE2]
021254:[021262, 02126E, 0212D8]
021258:[003268]
021276:[02129E, 0212B0, 0212C8]
02128A:[003146]
021294:[003B02]
0212E0:[0212EA, 0212FE, 02130E]
0212FA:[003AE2]
021642:[02164E, 021680]
02167C:[003AE2]
021680:[003B02]
0216AE:[003268]
0216BE:[003268]
0216CE:[0216DA, 021700]
0216FC:[003AE2]
021708:[021726, 021732, 02173E, 02175A]
021718:[003268]
021894:[0218A0, 0218CA, 0218DE]
0218A0:[00322A]
0218C4:[003AE2]
0218D6:[003B02]
0218DA:[003268]
0218DE:[0038F2]
021928:[021934, 021940, 02196A]
02193C:[003AE2]
021960:[003268]
02196A:[0038F2]
0219AA:[0219B6, 0219E2]
0219DE:[003AE2]
0219F2:[003BEC]
021A18:[003268]
021A20:[0038F2]
021A24:[00390C]
021A48:[003BEC]
021A58:[003BEC]
021AD0:[021A20, 021ADC, 021B64]
021AF8:[003BEC]
021B06:[003BEC]
021B18:[003AD6]
021B7C:[003B02]
021B86:[003676]
021BA0:[021BAC, 021BCE, 021C4C]
021BE0:[004748]
021BFC:[004748]
021C3A:[004748]
021C4C:[0038F2]
021CB2:[021CBE, 021F1A, 021F8E, 021F9A]
021CC6:[021CEE, 021DB0]
021D52:[002F68]
021D6E:[021D90, 021D98, 021DA0]
021F22:[021F3C, 021F7E]
021F32:[003268]
021F68:[002852]
021F6C:[002852]
021F74:[002852]
021F96:[00383E]
021F9A:[0040F0]
021FA6:[021FC0, 021FC4]
021FB6:[003B76]
021FD6:[022000, 02240E, 022428, 02249E, 0224CA, 0224E0, 022754, 0227D0, 022830, 0228B6, 022924, 0229A8, 022A2A]
021FDE:[003270]
022008:[022018, 0220F4, 022120, 02212C, 022232, 0222E0]
022028:[02204A, 022052, 022064, 02207A, 0220E8]
022064:[003BEC]
02211C:[003B02]
02212C:[003B02]
02223A:[022260, 022276, 0222A2, 0222BE]
022276:[003B02]
0222A2:[003B02]
0222BE:[003B02]
0222E8:[022320, 02235E, 022384, 0223BA, 022402]
02232E:[003BEC]
0223CA:[00309A]
0223DC:[007D2E]
022430:[02243A, 02247E, 022490]
02244E:[003BEC]
022490:[003B02]
0224F4:[02250C, 022548, 0225BA, 022616, 022630, 02264A, 02267E, 0226B2]
022550:[022558, 022596]
022566:[003BEC]
0225C2:[022596, 0225CA]
0225D8:[003BEC]
022608:[003B02]
02261E:[022608, 022626]
022638:[022608, 022640]
022652:[022608, 02265A]
022686:[022608, 02268E]
0226BA:[0226C6, 0226D0, 022710]
0226D0:[003B02]
022710:[003B02]
022714:[003070]
022718:[007D2E]
022776:[007D2E]
0227DC:[022802, 022818]
02285C:[007D2E]
022930:[022956, 022996]
022964:[003BEC]
0229B4:[0229DA, 022A18]
0229E8:[003BEC]
022A3E:[022A48, 022A56, 022A9A]
022A56:[003B02]
022A9A:[003B02]
022C1E:[000B8A]
022C68:[003BEC]
022D5C:[003BEC]
022D9A:[003AD6]
022DB0:[003AD6]
022DCA:[003AD6]
022DE6:[003AD6]
022DFC:[003AD6]
022E12:[003AD6]
022E28:[003AD6]
022E3E:[003AD6]
022E54:[003AD6]
022E6A:[003AD6]
022E80:[003AD6]
022E96:[003AD6]
022EAC:[003AD6]
022ED8:[003AD6]
022EEE:[003AD6]
022F04:[003AD6]
022F3E:[003AD6]
022FC8:[003AD6]
022FEE:[003AD6]
026EC2:[003AD6]
026ED8:[022FB2, 029080, 02B218]
026EFA:[022E08, 029026, 02B1D0]
026F16:[022E1E, 029038, 02B1E2]
026F32:[022E76, 029002, 02B1A0]
026F4E:[022E8C, 029014, 02B1BE]
026F6A:[022FDC]
026F86:[022FDC, 0290A2, 02B23A]
026FA2:[022DF2, 02906E, 02B206]
026FB8:[02704E, 02707E, 0270C4]
026FC6:[003284]
026FCA:[003270]
026FF8:[027012, 02701C, 027022]
027048:[000B8A]
027086:[02708E, 02709C]
027094:[0041FA]
02709C:[004180]
0270CC:[0270D8, 027126, 027208, 027262]
027116:[006C3C]
027142:[00309A]
02714E:[006C58]
027152:[007D2E]
02716A:[003F40]
02716E:[00287A]
02717E:[000AAA]
0271A0:[000AAA]
0271B4:[003F40]
0271B8:[00287A]
0271F4:[004496]
0271F8:[003B02]
027208:[00309A]
02720C:[007D2E]
027252:[003B02]
027262:[003B02]
027266:[003122]
02726C:[007D2E]
02729A:[00412C]
0272CE:[0272E8, 0273E4, 02745C, 0275D8, 0276F2, 027808]
02731C:[027334, 02734A, 027360, 027376, 027390, 02739E, 0273B2]
0273EE:[003B02]
0273F2:[003B02]
02741A:[022412, 028576, 02A760]
027470:[02747C, 0274BA, 027546, 0275A4]
0274C8:[00309A]
0274CC:[007D2E]
0274D4:[000AAA]
0274F8:[000AAA]
027532:[004496]
027536:[003B02]
027546:[00309A]
02754A:[007D2E]
027594:[003B02]
0275A4:[003122]
0275AA:[007D2E]
0275D4:[003B02]
0275EC:[0275F6, 027636, 0276BC]
027626:[004496]
027644:[00309A]
027648:[007D2E]
0276BC:[003B02]
0276C0:[003122]
0276C6:[007D2E]
0276E0:[000B8A]
027706:[027710, 027750, 0277D2]
027740:[004496]
02775E:[00309A]
027762:[007D2E]
0277D2:[003B02]
0277D6:[003122]
0277DC:[007D2E]
0277F6:[000B8A]
02781C:[027828, 027866, 0278F2, 02794C]
027874:[00309A]
027878:[007D2E]
027880:[000AAA]
0278A4:[000AAA]
0278DE:[004496]
0278E2:[003B02]
0278F2:[00309A]
0278F6:[007D2E]
02793C:[003B02]
02794C:[003B02]
027950:[003122]
027956:[007D2E]
0279FE:[003BEC]
027DBE:[003B3C]
027DC2:[003B02]
027E70:[003BEC]
027E92:[003BEC]
027EE4:[003BEC]
028038:[007F6E]
028100:[02810C, 028284, 0282F6, 028302]
028156:[002F68]
02828C:[0282A6, 0282E6]
02829C:[003268]
0282D2:[002852]
0282D6:[002852]
0282DE:[002852]
0282FE:[00383E]
028302:[0040F0]
02830E:[028328, 02832C]
02831E:[003B76]
02833E:[02836A, 028572, 028590, 028604, 028630, 028646, 028812, 028886, 0288E0, 028948, 028958, 0289AE, 028A2E, 028A96]
028346:[003270]
028372:[02837E, 02840A, 028436, 028442]
02838E:[02839E, 0283A2, 0283B8]
0283A2:[003BEC]
028432:[003B02]
02844A:[028482, 0284C0, 0284E8, 028520]
028490:[003BEC]
0284E2:[003B02]
02851C:[003B02]
028530:[00309A]
028542:[007D2E]
028598:[0285A2, 0285E2, 0285F6]
0285B2:[003BEC]
0285EE:[02904A]
0285F6:[003B02]
02865A:[02866C, 0286B0, 028724, 028774, 0287CA]
0286B8:[0286CA, 028700]
0286D0:[003BEC]
02872C:[028700, 02873E]
028744:[003BEC]
02877C:[02878E, 028798]
028798:[003B02]
0287D2:[028798, 0287E4]
028834:[007D2E]
028892:[0288B8, 0288C8]
028902:[007D2E]
028960:[02896A, 028982]
028982:[00309A]
0289BA:[0289E0, 028A1C]
0289E6:[003BEC]
028A36:[028A3E, 028A50]
028A6A:[007D2E]
028AA2:[028AC8, 028B00]
028ACE:[003BEC]
028D3A:[000B8A]
028D84:[003BEC]
028ECC:[003BEC]
028EFC:[003BEC]
028F3A:[003AD6]
028F4C:[003AD6]
028F5E:[003AD6]
028F70:[003AD6]
028F82:[003AD6]
028FA6:[003AD6]
028FD4:[003AD6]
02900C:[003AD6]
02901E:[003AD6]
029030:[003AD6]
029042:[003AD6]
029054:[003AD6]
029066:[003AD6]
029078:[003AD6]
029096:[003AD6]
0290B4:[003AD6]
0290D4:[003AD6]
02A2D6:[02A2E2, 02A46A, 02A4DC, 02A4E8]
02A338:[002F68]
02A472:[02A48C, 02A4CC]
02A482:[003268]
02A4B8:[002852]
02A4E4:[00383E]
02A4E8:[0040F0]
02A4F4:[02A50E, 02A512]
02A504:[003B76]
02A524:[02A554, 02A75C, 02A77A, 02A7F4, 02A820, 02A836, 02A9CE, 02AA48, 02AAAA, 02AB1A, 02AB2A, 02AB8C, 02AC96, 02AD0C]
02A530:[003270]
02A55C:[02A568, 02A5F0, 02A622]
02A578:[02A584, 02A588]
02A588:[003BEC]
02A61E:[003B02]
02A782:[02A78C, 02A7D4, 02A7E6]
02A7A4:[003BEC]
02A7E6:[003B02]
02A84A:[02A85C, 02A898, 02A90A, 02A966, 02A99A, 02A9B4]
02A8A0:[02A8A8, 02A8E6]
02A8B6:[003BEC]
02A912:[02A8E6, 02A91A]
02A928:[003BEC]
02A958:[003B02]
02A96E:[02A958, 02A976]
02A9A2:[02A958, 02A9AA]
02A9BC:[02A958, 02A9C4]
02A9F6:[007D2E]
02AA54:[02AA7A, 02AA92]
02AAD4:[007D2E]
02AB32:[02AB3C, 02AB60, 02AB82]
02AB60:[00309A]
02AB98:[02ABBE, 02AC02]
02ABD0:[003BEC]
02AC9E:[02ACA6, 02ACC4]
02ACC0:[000ACA]
02ACC8:[007D2E]
02AD20:[02AD2A, 02AD38, 02AD7C]
02AD38:[003B02]
02AD7C:[003B02]
02AF36:[000B8A]
02AF58:[003BEC]
02AFB4:[003BEC]
02AFD4:[003BEC]
02B072:[003BEC]
02B0D4:[003AD6]
02B0F8:[003AD6]
02B10E:[003AD6]
02B132:[003AD6]
02B144:[003AD6]
02B156:[003AD6]
02B17A:[003AD6]
02B198:[003AD6]
02B1B2:[003AD6]
02B1C8:[003AD6]
02B1DA:[003AD6]
02B1EC:[003AD6]
02B1FE:[003AD6]
02B210:[003AD6]
02B22E:[003AD6]
02B24C:[003AD6]
02CC72:[02CC7E, 02CE1C, 02CE92, 02CEA4]
02CCA8:[00390C]
02CCE0:[002F68]
02CD40:[002F68]
02CE24:[02CE3E, 02CE82]
02CE34:[003268]
02CE6A:[002852]
02CEA0:[00383E]
02CEA4:[0040F0]
02CEB0:[02CEF2, 02CEF6]
02CED6:[002F9A]
02CEDA:[003B76]
02CEFE:[02CF16, 02D33C, 02D46E, 02DFE4, 02DFE8, 02E04E]
02CF06:[003270]
02CF1E:[02CFB6, 02CFCC, 02CFEA, 02D008, 02D0B0, 02D1DE]
02D010:[02D01C, 02D03E, 02D05A, 02D086]
02D05A:[00309A]
02D07E:[01B3E4]
02D0B8:[02D0CA, 02D0EE, 02D104, 02D1BA]
02D104:[00309A]
02D134:[01B3E4]
02D13A:[000AAA]
02D1E6:[02D21E, 02D25E, 02D28A, 02D2C8, 02D31A]
02D22C:[003BEC]
02D266:[003B02]
02D2D8:[00309A]
02D2EA:[007D2E]
02D30E:[01B3E4]
02D344:[02D3F4, 02D428]
02D38C:[003BEC]
02D39C:[003BEC]
02D432:[00302E]
02D476:[02D494, 02D4F2, 02D54C, 02D5E6, 02D6E6, 02D8C0, 02D90A, 02D954, 02DBDC, 02DC24, 02DE8E]
02D4FA:[02D502, 02D53A]
02D508:[003BEC]
02D554:[02D53A, 02D55C]
02D562:[003BEC]
02D5EE:[02D5FC, 02D63C, 02D698]
02D602:[003BEC]
02D658:[003BEC]
02D668:[003B3C]
02D680:[007D2E]
02D6AA:[003BEC]
02D6EE:[02D6FA, 02D78A, 02D882, 02D8AE]
02D71E:[0031BA]
02D762:[000B72]
02D766:[000B6A]
02D7CE:[0031BA]
02D7F8:[003B02]
02D7FC:[003146]
02D806:[007D2E]
02D892:[007D2E]
02D8D4:[02D8DC, 02DF14]
02D91E:[02D926, 02DF14]
02D95C:[02D964, 02D98E]
02D9EE:[007D2E]
02DAAA:[003BEC]
02DBF0:[02D98E, 02DBF8]
02DC38:[02DC44, 02DC9A, 02DD96, 02DDE8]
02DC68:[003BEC]
02DD9C:[007D2E]
02DDD6:[003B02]
02DE14:[01B3E4]
02DE76:[000AAA]
02DE96:[02DEA0, 02DED2, 02DEFE]
02DED2:[00309A]
02DED6:[007D2E]
02DEFA:[003B02]
02DF14:[003B02]
02DFF0:[02DFFA, 02E012, 02E034]
02E012:[00309A]
02E056:[02E06E, 02E0A6]
02E074:[003BEC]
02E13C:[000B8A]
02E166:[0031BA]
02E1B0:[003146]
02E1C4:[007D2E]
02E1E0:[0031BA]
02E22A:[0031BA]
02E264:[003146]
02E26E:[007D2E]
02E27E:[003BEC]
02E2BE:[003BEC]
02E2F0:[003146]
02E2FA:[007D2E]
02E30C:[003146]
02E316:[007D2E]
02E39A:[003B02]
02E3A6:[003B3C]
02E430:[007F6E]
02E48C:[007F6E]
02E49E:[02E4AA, 02E4D4]
02E4F6:[003BEC]
02E51E:[007F6E]
02E54C:[007F6E]
02E592:[00302E]
02E6C4:[003BEC]
02E724:[003BEC]
02E8E6:[02E97C, 02E9A2, 02EE50, 02EED0]
02E8F4:[003284]
02E8F8:[003270]
02E926:[02E940, 02E950]
02E976:[000B8A]
02E9AA:[02E9B4, 02E9E0, 02EB6C]
02E9E8:[02EA02, 02EADE, 02EAF0]
02EA08:[003BEC]
02EAF0:[003B02]
02EB16:[00286A]
02EB56:[000B3A]
02EB80:[02EB98, 02EC50, 02EC6E, 02ED0E, 02EDC2]
02EC9E:[000B72]
02ED12:[007D2E]
02ED4E:[000AAA]
02ED52:[01B3E4]
02ED58:[003B02]
02EE58:[02EE60, 02EE6E]
02EE66:[0041FA]
02EE6E:[004180]
02EE96:[003BEC]
02EED8:[02EEE6, 02EF1E, 02EFF0, 02F034, 02F078]
02EF1A:[006C3C]
02EF3A:[00309A]
02EF46:[006C58]
02EF4A:[007D2E]
02EF62:[003F40]
02EF66:[00286A]
02EF76:[000AAA]
02EF9C:[000AAA]
02EFAC:[003F40]
02EFB0:[00286A]
02EFE8:[004496]
02EFEC:[003B02]
02EFF0:[00309A]
02EFF4:[007D2E]
02F030:[003B02]
02F034:[003B02]
02F038:[003122]
02F03E:[007D2E]
02F078:[003B02]
02F092:[00412C]
02F0CA:[02F10A, 02F20C, 02F26A, 02F3BE, 02F4D4, 02F5E4]
02F13E:[02F156, 02F16C, 02F182, 02F198, 02F1B4, 02F1C2, 02F1D6]
02F216:[003B02]
02F21A:[003B02]
02F27E:[02F28C, 02F2B4, 02F32A, 02F372, 02F3B0]
02F2C2:[00309A]
02F2C6:[007D2E]
02F2CE:[000AAA]
02F2F2:[000AAA]
02F322:[004496]
02F326:[003B02]
02F32A:[00309A]
02F32E:[007D2E]
02F36E:[003B02]
02F372:[003122]
02F378:[007D2E]
02F3AC:[003B02]
02F3B0:[003B02]
02F3D2:[02F3DE, 02F414, 02F484, 02F4C6]
02F404:[004496]
02F422:[00309A]
02F426:[007D2E]
02F484:[003B02]
02F488:[003122]
02F48E:[007D2E]
02F4C6:[003B02]
02F4E8:[02F4F4, 02F52A, 02F596, 02F5D6]
02F51A:[004496]
02F538:[00309A]
02F53C:[007D2E]
02F596:[003B02]
02F59A:[003122]
02F5A0:[007D2E]
02F5D6:[003B02]
02F5F8:[02F606, 02F62E, 02F6A4, 02F6E8]
02F63C:[00309A]
02F640:[007D2E]
02F648:[000AAA]
02F66C:[000AAA]
02F69C:[004496]
02F6A0:[003B02]
02F6A4:[00309A]
02F6A8:[007D2E]
02F6E4:[003B02]
02F6E8:[003B02]
02F6EC:[003122]
02F6F2:[007D2E]
02F758:[003AD6]
02F76C:[003AD6]
02F780:[003AD6]
02F7A0:[003AD6]
02F7AC:[003AD6]
02F7BC:[003AE2]
02F7CA:[003AE2]
02F7D8:[003AE2]
02F7E4:[003AE2]
02F7EC:[003AE2]
02F7F4:[003AE2]
02F80A:[003AD6]
02F812:[003AD6]
02F81E:[003AD6]
02F826:[003AE2]
02F82E:[003AE2]
02F83A:[003AD6]
02F842:[003AE2]
02F84A:[003AE2]
02F852:[003AE2]
02F862:[003AE2]
02F872:[003AE2]
02F87A:[003AE2]
02F882:[003AE2]
02F88A:[003AE2]
02F892:[003AE2]
031330:[03133C, 03136C, 0327B6, 032994]
031368:[002F68]
03136C:[0040F0]
031380:[0313AA, 031632, 0317F4, 031E5A, 0323B4, 032446, 0324C4]
031394:[003B76]
031398:[003270]
0313B2:[0313E8, 031476]
03163A:[031754, 03179C]
031688:[003BD2]
0316A2:[003BEC]
0316B2:[003BEC]
0316E0:[003BEC]
0317A8:[00302E]
03181E:[03182C, 0318EE, 0319C6, 0319F4, 031DF2]
031830:[003BEC]
031904:[03191A, 031962]
03194E:[007F6E]
031994:[007F6E]
0319FC:[031A7C, 031AAA, 031AD8, 031B06, 031B34]
031A84:[031A90, 031A98, 031D6A, 031DB8]
031AA6:[003B02]
031AB2:[031ABE, 031AC6]
031AD4:[003B02]
031AE0:[031AEC, 031AF4, 031D6A, 031DB8]
031B02:[003B02]
031B0E:[031B1A, 031B22, 031D6A]
031B30:[003B02]
031B3C:[031B70, 031C24, 031C3E, 031D2C, 031D5C, 031D6A]
031B8C:[0031BA]
031BBC:[003BEC]
031BE4:[000B72]
031C36:[000B6A]
031C3A:[003B02]
031C64:[0031BA]
031CDA:[003146]
031CE4:[007D2E]
031D4E:[003146]
031D58:[007D2E]
031D76:[003BEC]
031DD6:[007F6E]
031DFA:[031E02, 031E38]
031E06:[003BEC]
031E62:[031E6A, 031E8A]
031E94:[031EAA, 031EFE, 031F94, 0320E8, 032254, 03237C]
031EB2:[031ED4, 031EDC, 031EEC, 031F30]
031EDC:[003B02]
031F06:[031EDC, 031EEC, 031F28, 031F30]
031F30:[003B02]
031F9C:[031FAC, 031FB4, 031FF0, 032060, 0320A0, 0320C4]
031FF0:[003B02]
032000:[00309A]
032004:[007D2E]
03200A:[000AAA]
03202C:[000AAA]
032056:[004496]
032060:[00309A]
032064:[007D2E]
03209C:[003B02]
0320A0:[003122]
0320A6:[007D2E]
0320E4:[003B02]
0320F0:[0320FE, 03213C, 0321A8, 0321F2, 032234]
032136:[004496]
03214A:[00309A]
03214E:[007D2E]
032178:[000AAA]
0321A2:[004496]
0321A8:[00309A]
0321AC:[007D2E]
0321F2:[003B02]
0321F6:[003122]
0321FC:[007D2E]
032250:[003B02]
03225C:[032268, 0322A6, 03231A, 03235C]
0322A0:[004496]
0322B4:[00309A]
0322B8:[007D2E]
032306:[000AAA]
03231A:[003B02]
03231E:[003122]
032324:[007D2E]
032378:[003B02]
032384:[031FB4, 031FF0, 032060, 0320A0, 0320C4, 032394]
0323BC:[0323DA, 032418]
0323E4:[007D2E]
0323E8:[003BEC]
03244E:[03245A, 032472, 032490, 0324A6]
032472:[00309A]
03248A:[007D2E]
0324CC:[0324DA, 03250A, 0325C6, 032606, 03264A]
032502:[006C3C]
032524:[00309A]
03252E:[006C58]
032532:[007D2E]
032538:[000AAA]
032564:[000AAA]
03259C:[004496]
0325A0:[003B02]
0325A4:[003F40]
0325AE:[00287A]
0325C0:[000B8A]
0325C6:[00309A]
0325CA:[007D2E]
032602:[003B02]
032606:[003B02]
03260A:[003122]
032610:[007D2E]
032666:[003B02]
032672:[03268C, 03269C]
032680:[003284]
032684:[003270]
032694:[0041FA]
03269C:[004180]
0326E6:[0326FC, 032724]
032730:[000B8A]
03277C:[000B8A]
032780:[00412C]
0327BE:[032814, 03294C]
0327E6:[002852]
0327F6:[002852]
032808:[002852]
03281C:[032840, 03287C, 0328EC, 03292C]
032832:[003270]
03287C:[003B02]
03288C:[00309A]
032890:[007D2E]
032896:[000AAA]
0328B8:[000AAA]
0328E2:[004496]
0328EC:[00309A]
0328F0:[007D2E]
032928:[003B02]
03292C:[003122]
032932:[007D2E]
032954:[032974, 032988]
03296A:[003270]
03299C:[00383E]
032A12:[000B8A]
032A40:[000B8A]
032AB6:[003BEC]
032D7A:[0031BA]
032DB2:[003146]
032DBC:[007D2E]
032DC8:[003BEC]
032DFA:[003146]
032E04:[007D2E]
032E10:[003146]
032E1A:[007D2E]
032E30:[0031BA]
032E4C:[003B02]
032E50:[003B3C]
032F10:[003BEC]
032F36:[007F6E]
032F64:[007F6E]
032FAA:[00302E]
03304C:[003AD6]
033094:[003AD6]
0330A6:[003AD6]
0330B8:[003AD6]
0330CA:[003AD6]
0330DC:[003AD6]
0330EE:[003AD6]
033100:[003AD6]
033118:[003AD6]
033128:[003AE2]
033134:[003AD6]
033146:[003AD6]
033158:[003AD6]
03316A:[003AD6]
03317C:[003AD6]
03319A:[003AD6]
035110:[03511C, 035162, 036328, 0364EC]
035144:[002F68]
035162:[0040F0]
035176:[0351A2, 03544E, 035998, 035B5C, 03607C, 0360DA, 03627E, 0362A8]
03518A:[003B76]
03518E:[003270]
0351AA:[0351D0, 0351F4, 035258, 035274, 035280]
035224:[003146]
03522E:[003B02]
035232:[007D2E]
035294:[03529E, 0352AE]
0352AE:[003B02]
035318:[003BEC]
035372:[0031BA]
03538A:[00302E]
035396:[003BEC]
0353D4:[003BEC]
0353F2:[003BEC]
035462:[035480, 0354E8, 035506, 035524, 035614, 035632, 035650, 0356E6, 035888, 0358FA, 03596C]
035488:[035490, 0354B2]
03549A:[003894]
0354F0:[0354F8, 0357D8]
03550E:[035516, 0357D8]
03552C:[03553A, 035574, 0355A8, 0355FC, 0357D8]
03553E:[003BEC]
0355AC:[007D2E]
03561C:[035624, 0357D8]
03563A:[035642]
035658:[035664, 035688, 0356A0, 0357D8]
035698:[000AB2]
03569C:[003B02]
0356B4:[003B02]
0356EE:[0356FC, 035736, 03576E, 035786, 0357D8]
035700:[003BEC]
035776:[003B02]
03578E:[007D2E]
0357BA:[003B02]
0357F4:[003B02]
0357F8:[003BEC]
03582C:[003BEC]
0358DE:[003894]
035902:[03590A, 035926]
035954:[003146]
03595E:[003B02]
035962:[007D2E]
035974:[035926, 03597C]
0359A0:[0359C2, 035A66, 035A96]
0359D2:[003BEC]
0359E0:[003BEC]
035A76:[003146]
035A86:[007D2E]
035A92:[003B3C]
035A9E:[035AB8, 035AC8]
035AA2:[003146]
035AAC:[003B02]
035AE8:[007D2E]
035B64:[035B6C, 035B88]
035B92:[035BA8, 035C3C, 035C5C, 035F2C, 036044]
035BB0:[035BC0, 035BC8, 035BD8, 035BEA]
035BC8:[003B02]
035BEA:[003B02]
035C44:[035BC8, 035BD8, 035BEA, 035C54]
035C64:[035C74, 035C7C, 035CB8, 035D30, 035D82, 035DBE]
035CB8:[003B02]
035CC8:[00309A]
035CCC:[007D2E]
035D22:[004496]
035D2A:[000AAA]
035D30:[00309A]
035D34:[007D2E]
035D4A:[003BD2]
035D7E:[003B02]
035D82:[003122]
035D88:[007D2E]
035DCC:[003B02]
035F34:[035F40, 035F84, 035FF0, 036036]
035F7E:[004496]
035F92:[00309A]
035F96:[007D2E]
035FF0:[003B02]
035FF4:[003122]
035FFA:[007D2E]
036040:[003B02]
03604C:[035C7C, 035CB8, 035D30, 035D82, 035DBE, 03605C]
036084:[03608E, 0360A2, 0360C4]
0360E2:[0360F0, 036120, 0361DE, 03621E, 036264]
03611C:[006C3C]
03613A:[00309A]
036144:[006C58]
036148:[007D2E]
0361AA:[004496]
0361AE:[000AAA]
0361B2:[003B02]
0361BC:[003F40]
0361C0:[000AAA]
0361CA:[00287A]
0361DE:[00309A]
0361E2:[007D2E]
03621A:[003B02]
03621E:[003B02]
036222:[003122]
036228:[007D2E]
03627A:[003B02]
0362B0:[0362BA, 0362D2, 0362FA]
0362D2:[003B02]
036310:[00390C]
036330:[03635E, 036492]
036352:[002852]
036366:[03638A, 0363C6, 036432, 036472]
03637C:[003270]
0363C6:[003B02]
0363D6:[00309A]
0363DA:[007D2E]
036424:[004496]
03642C:[000AAA]
036432:[00309A]
036436:[007D2E]
03646E:[003B02]
036472:[003122]
036478:[007D2E]
03649A:[0364BA, 0364CC]
0364B0:[003270]
0364F0:[00383E]
03654C:[003BEC]
036698:[003BEC]
036978:[0031BA]
03699E:[0031BA]
0369E8:[003BEC]
036AD0:[00302E]
036C3E:[000B8A]
036C60:[036C7A, 036C86]
036C6E:[003284]
036C72:[003270]
036C7E:[0041FA]
036C86:[004180]
036CAC:[00412C]
036D10:[036D26, 036D4C]
036DE0:[003AD6]
036DF0:[003AD6]
036E00:[003AD6]
036E10:[003AD6]
036E20:[003AD6]
036E30:[003AD6]
036E40:[003AD6]
036E50:[003AD6]
036E60:[003AD6]
036E70:[003AD6]
036E80:[003AD6]
036E90:[003AD6]
036EB0:[003AD6]
036EC0:[003AD6]
036ED4:[003AE2]
036EE0:[003AD6]
036EF0:[003AD6]
036F0C:[003AD6]
036F34:[003AD6]
038974:[038980, 0389D2, 03A17A, 03A350]
0389CE:[002F68]
0389D2:[0040F0]
0389E6:[038A12, 038D62, 038F24, 039702, 039C5C, 039DF2, 039E84]
0389FA:[003B76]
0389FE:[003270]
038A1A:[038A52, 038A56, 038B22, 038B5A, 038B98, 038C36]
038A5E:[038A68, 038ABE, 038D52]
038A6C:[003BEC]
038AE8:[00302E]
038B26:[00302E]
038B5E:[00302E]
038BA0:[038BAC, 038BE8, 038C2A, 038D52]
038BB6:[00302E]
038BC2:[00390C]
038BE8:[003B02]
038C3E:[038C4E, 038C8C, 038CCC, 038CF2, 038D34, 038D52]
038C5A:[003BEC]
038CBA:[00302E]
038CCC:[003B02]
038CF2:[003B02]
038D6A:[038E88, 038ECC]
038DB8:[003BD2]
038DD2:[003BEC]
038DE2:[003BEC]
038ED8:[00302E]
038F3A:[038F5E, 039026, 039112, 039140, 03969A]
038FA0:[003BEC]
03903E:[039054, 0390A6]
039094:[007F6E]
0390D8:[007F6E]
039148:[0391D2, 03922E, 03928A, 039326, 03939A, 039430, 039524]
0391DA:[0391E6, 0391EE, 03961E, 03965A]
0391FC:[003B02]
039236:[039242, 03924A, 03961E, 03965A]
039258:[003B02]
039292:[0392A0, 0392E2, 0392F2, 03961E]
0392E2:[003B02]
0392F2:[003070]
0392F6:[007D2E]
039322:[003B02]
03932E:[03933C, 039344]
039344:[003B02]
0393A2:[0393B0, 0393B8, 039402, 03961E, 03965A]
0393B8:[003B02]
039402:[00309A]
039406:[007D2E]
03942C:[003B02]
039438:[0393B8, 039402, 039448, 03948E, 03961E, 03965A]
039482:[007F6E]
0394B2:[007F6E]
0394EE:[007D2E]
03952C:[0393B8, 039402, 03953C, 039582, 03961E]
039576:[007F6E]
0395A6:[007F6E]
0395E2:[007D2E]
03962A:[003BEC]
03967E:[007F6E]
0396A2:[0396AA, 0396E0]
0396AE:[003BEC]
03970A:[039712, 039732]
03973C:[039752, 0397A6, 03983C, 039990, 039AFC, 039C24]
03975A:[03977C, 039784, 039794, 0397D8]
039784:[003B02]
0397AE:[039784, 039794, 0397D0, 0397D8]
0397D8:[003B02]
039844:[039854, 03985C, 039898, 039908, 039948, 03996C]
039898:[003B02]
0398A8:[00309A]
0398AC:[007D2E]
0398B2:[000AAA]
0398D4:[000AAA]
0398FE:[004496]
039908:[00309A]
03990C:[007D2E]
039944:[003B02]
039948:[003122]
03994E:[007D2E]
03998C:[003B02]
039998:[0399A6, 0399E4, 039A50, 039A9A, 039ADC]
0399DE:[004496]
0399F2:[00309A]
0399F6:[007D2E]
039A20:[000AAA]
039A4A:[004496]
039A50:[00309A]
039A54:[007D2E]
039A9A:[003B02]
039A9E:[003122]
039AA4:[007D2E]
039AF8:[003B02]
039B04:[039B10, 039B4E, 039BC2, 039C04]
039B48:[004496]
039B5C:[00309A]
039B60:[007D2E]
039B66:[000AAA]
039B8E:[000AAA]
039BC2:[003B02]
039BC6:[003122]
039BCC:[007D2E]
039C20:[003B02]
039C2C:[03985C, 039898, 039908, 039948, 03996C, 039C3C]
039C64:[039C88, 039CAA, 039D1C, 039D2C, 039D5C]
039CE6:[007D2E]
039D2C:[00309A]
039D30:[007D2E]
039D58:[003B02]
039DFA:[039E18, 039E56]
039E22:[007D2E]
039E26:[003BEC]
039E8C:[039E9A, 039ECA, 039F86, 039FC6, 03A00E]
039EC2:[006C3C]
039EE4:[00309A]
039EEE:[006C58]
039EF2:[007D2E]
039EF8:[000AAA]
039F24:[000AAA]
039F5C:[004496]
039F60:[003B02]
039F64:[003F40]
039F6E:[00287A]
039F80:[000B82]
039F86:[00309A]
039F8A:[007D2E]
039FC2:[003B02]
039FC6:[003B02]
039FCA:[003122]
039FD0:[007D2E]
03A02A:[003B02]
03A036:[03A050, 03A060]
03A044:[003284]
03A048:[003270]
03A058:[0041FA]
03A060:[004180]
03A0AA:[03A0C0, 03A0E8]
03A0F4:[000B82]
03A144:[00412C]
03A182:[03A1D6, 03A30E]
03A1AA:[002852]
03A1DE:[03A202, 03A23E, 03A2AE, 03A2EE]
03A1F4:[003270]
03A23E:[003B02]
03A24E:[00309A]
03A252:[007D2E]
03A258:[000AAA]
03A27A:[000AAA]
03A2A4:[004496]
03A2AE:[00309A]
03A2B2:[007D2E]
03A2EA:[003B02]
03A2EE:[003122]
03A2F4:[007D2E]
03A316:[03A336, 03A344]
03A32C:[003270]
03A35E:[00383E]
03A3D4:[000B82]
03A432:[003BEC]
03A4CA:[003BEC]
03A698:[0031BA]
03A6D0:[003146]
03A6DA:[007D2E]
03A6E6:[003BEC]
03A718:[003146]
03A722:[007D2E]
03A72E:[003146]
03A738:[007D2E]
03A74E:[0031BA]
03A758:[003BD2]
03A79C:[00302E]
03A850:[003BEC]
03A876:[007F6E]
03A8A4:[007F6E]
03A8F8:[003B02]
03A8FC:[003B3C]
03ADD6:[003AE2]
03ADDE:[003AE2]
03ADE6:[003AE2]
03ADF4:[003AE2]
03AE02:[003AE2]
03AE16:[003AE2]
03AE1E:[003AE2]
03AE26:[003AE2]
03AE36:[003AE2]
03AE46:[003AE2]
03AE4E:[003AE2]
03AE56:[003AE2]
03AE5E:[003AE2]
03AE66:[003AE2]
03AE6E:[003AE2]
03AE76:[003AE2]
03AE7E:[003AE2]
03AE8E:[003AD6]
03AEA6:[003AD6]
03AEBE:[003AD6]
03AED4:[003AD6]
03C402:[03C40E, 03C432, 03C43E]
03C412:[003BEC]
03C43E:[00383E]
03C44A:[03C456, 03C4B8, 03CE96, 03D054]
03C49A:[002F68]
03C4AC:[00302E]
03C4B8:[0040F0]
03C4CC:[03C4F4, 03C5DE, 03C6CA, 03C75E, 03CC42, 03CCF2]
03C4E0:[003B76]
03C4E4:[003270]
03C4FC:[03C50A, 03C534, 03C57C]
03C534:[003B02]
03C538:[003146]
03C53C:[007D2E]
03C58E:[003BEC]
03C5E6:[03C5F4, 03C60E, 03C630]
03C5FE:[00302E]
03C60E:[003B02]
03C62C:[000AB2]
03C668:[003BEC]
03C6D2:[03C6E0, 03C70C, 03C738]
03C70C:[003B02]
03C710:[003146]
03C714:[007D2E]
03C73C:[003146]
03C740:[003B02]
03C766:[03C76E, 03C78A]
03C794:[03C7AA, 03C83E, 03C85E, 03C99A]
03C7B2:[03C7C2, 03C7CA, 03C7DA, 03C7EC]
03C7CA:[003B02]
03C7EC:[003B02]
03C846:[03C7CA, 03C7DA, 03C7EC, 03C856]
03C866:[03C876, 03C87E, 03C8BA, 03C92C, 03C96C, 03C98C]
03C8C6:[003B02]
03C8CA:[00309A]
03C8CE:[007D2E]
03C918:[004496]
03C926:[000AAA]
03C92C:[00309A]
03C930:[007D2E]
03C968:[003B02]
03C96C:[003122]
03C972:[007D2E]
03C996:[003B02]
03C9A2:[03C9B0, 03C9F4, 03CA58, 03CAA2]
03C9EE:[004496]
03CA02:[00309A]
03CA06:[007D2E]
03CA52:[004496]
03CA58:[00309A]
03CA5C:[007D2E]
03CAA2:[003B02]
03CAA6:[003122]
03CAAC:[007D2E]
03CACA:[000B8A]
03CC4A:[03CC58, 03CC74, 03CC96]
03CC74:[00309A]
03CCFA:[03CD08, 03CD34, 03CDF6, 03CE36]
03CD4E:[00309A]
03CD58:[006C58]
03CD5C:[007D2E]
03CDBE:[004496]
03CDC2:[000AAA]
03CDC6:[003B02]
03CDD0:[003F40]
03CDD4:[000AAA]
03CDDE:[00287A]
03CDF6:[00309A]
03CDFA:[007D2E]
03CE32:[003B02]
03CE36:[003B02]
03CE3A:[003122]
03CE40:[007D2E]
03CE9E:[03CEC4, 03D00C]
03CEBA:[002852]
03CECC:[03CEF0, 03CF36, 03CFAC, 03CFEC]
03CEE2:[003270]
03CF36:[003B02]
03CF46:[00309A]
03CF4A:[007D2E]
03CF94:[004496]
03CFA2:[000AAA]
03CFAC:[00309A]
03CFB0:[007D2E]
03CFE8:[003B02]
03CFEC:[003122]
03CFF2:[007D2E]
03D014:[03D034, 03D048]
03D02A:[003270]
03D054:[00383E]
03D12E:[003894]
03D1CE:[000B8A]
03D1E0:[03D1FA, 03D206]
03D1EE:[003284]
03D1F2:[003270]
03D1FE:[0041FA]
03D206:[004180]
03D22C:[00412C]
03D2C8:[03D2DE, 03D30A]
03D392:[03D39E, 03D524, 03EB36]
03D3A6:[03D3B2, 03D3DE, 03D4A6, 03D4C4]
03D3C2:[00390C]
03D406:[002F68]
03D45A:[0009E4]
03D46A:[004630]
03D47A:[004630]
03D48A:[004630]
03D49A:[004630]
03D4A6:[003B02]
03D4BA:[003268]
03D4D8:[03D4F8, 03D516]
03D4E0:[003268]
03D524:[0040F0]
03D538:[03D586, 03DADA, 03DF78, 03E594, 03E752]
03D54E:[002F9A]
03D568:[003270]
03D58E:[03D648, 03D654, 03D6E6, 03D700, 03D95E, 03DA4E]
03D59E:[03D5B8, 03D5FC]
03D658:[003BEC]
03D708:[03D714, 03D7D2]
03D71C:[03D72C, 03D740, 03D75E, 03D786, 03D908, 03D948]
03D740:[003B02]
03D782:[003B02]
03D7CE:[003B02]
03D7DA:[03D7EC, 03D800, 03D81E, 03D846, 03D892, 03D908, 03D948]
03D800:[003B02]
03D842:[003B02]
03D88E:[003B02]
03D892:[003B02]
03D918:[003BEC]
03D966:[03D96E, 03D9A2]
03D972:[003BEC]
03D9BE:[003BEC]
03DA56:[03DA86, 03DA92, 03DABE]
03DA9C:[003BEC]
03DACC:[003B02]
03DAF2:[03DB4C, 03DBF4, 03DCE2, 03DD0A]
03DB50:[003BEC]
03DB5E:[003BEC]
03DC08:[03DC10, 03DC66]
03DD12:[03DD20, 03DD84]
03DD28:[03DD34, 03DD3C, 03DE88, 03DEC6]
03DD4E:[003B02]
03DD8C:[03DD98, 03DDA0, 03DE88, 03DEC6]
03DDB2:[003B02]
03DE96:[003BEC]
03DF80:[03DF8A, 03DFAE, 03E420]
03DFB8:[03DFCE, 03E00C, 03E082]
03DFD6:[03DFE2, 03DFEA, 03DFFA, 03E028]
03DFEA:[003B02]
03E014:[03DFEA, 03DFFA, 03E020, 03E028]
03E028:[003B02]
03E08A:[03E09A, 03E0A2, 03E0DE, 03E14E, 03E18E, 03E1AC]
03E0DE:[003B02]
03E0EE:[00309A]
03E0F8:[000AAA]
03E11A:[000AAA]
03E144:[004496]
03E14E:[00309A]
03E18A:[003B02]
03E18E:[003122]
03E1BE:[003B02]
03E59C:[03E5AA, 03E5D6, 03E692, 03E6D2, 03E714]
03E5F0:[00309A]
03E5FA:[006C58]
03E604:[000AAA]
03E630:[000AAA]
03E668:[004496]
03E66C:[003B02]
03E670:[003F40]
03E67A:[00287A]
03E68C:[000B8A]
03E692:[00309A]
03E6CE:[003B02]
03E6D2:[003B02]
03E6D6:[003122]
03E714:[003B02]
03E75A:[03E768, 03E852, 03E862, 03E896, 03E8F6]
03E770:[03E77A, 03E7B4, 03E7D8]
03E7D4:[003B02]
03E82C:[003B02]
03E862:[003B02]
03E872:[0009E4]
03E886:[005F60]
03E89E:[03E8B6]
03E8FE:[03E908, 03E94A, 03E96E]
03E96A:[003B02]
03E9E6:[003B02]
03E9F4:[03EA0E, 03EA1A]
03EA02:[003284]
03EA06:[003270]
03EA12:[0041FA]
03EA1A:[004180]
03EA64:[03EA7A]
03EAFA:[00412C]
03EB3E:[03EC66, 03EC9E]
03EB42:[003268]
03EC6E:[03EC76, 03EC8A]
03ECA6:[03ECAE, 03ECE0]
03ECAE:[003B02]
03ECC2:[01B3E4]
03ECC8:[000B8A]
03ECDA:[002852]
03ECE0:[003B02]
03F26C:[003AE2]
03F274:[003AE2]
03F27C:[003AE2]
03F284:[003AE2]
03F28C:[003AE2]
03F294:[003AE2]
03F29C:[003AE2]
03F2A4:[0009E4]
03F2AC:[003AE2]
03F2B4:[003AE2]
03F2BC:[003AE2]
03F2D2:[003AE2]
03F2DA:[003AE2]
03F2EA:[003AE2]
03F302:[003AE2]
03F30A:[003AE2]
03F318:[003AE2]
03F32A:[003AE2]
03F332:[003AE2]
03F342:[003AE2]
03F356:[003AD6]
0407E6:[003B02]
0407EA:[003B3C]
040808:[00314A]
04084A:[040854, 040876, 04089E]
0408AA:[0408B2, 0408D4]
0408DC:[003BEC]
0408F8:[003BEC]
04090E:[003BEC]
040BCE:[0031BA]
040C2A:[040C36, 040D90, 0424BE]:[Sodom state 0, Sodom state 2, Sodom state 4]
040C3E:[040C4C, 040CF4, 040D24]
040C42:[003270]
040C60:[002F68]
040CAA:[00390C]
040CCC:[00390C]
040D24:[003B02]
040D4A:[040D62]
040D90:[0040F0]
040DA4:[040DE4, 041106, 041AA0, 041F1C, 04218A, 04230A]
040DBA:[002F9A]
040DD0:[003270]
040DEC:[040ECC, 040EE4]
040E00:[040E2A]
040EF4:[040F84, 040FF2]
040FA0:[003BEC]
041012:[041026, 0410B6]
041080:[0031BA]
0410A2:[0031BA]
0410B6:[003146]
0410C0:[007D2E]
0410F2:[0031BA]
04112A:[041192, 041298, 0412CC]
041196:[003BEC]
0411AA:[003BEC]
0412D4:[0412F0, 0413E0, 041426, 04146C, 041496, 041706, 0418F2, 04193E, 041950, 0419CC, 041A52]
041300:[04130C, 04137C]
041350:[007F6E]
0413B2:[007F6E]
0413E8:[0413F0, 0413FC]
0413F4:[000AB2]
0413FC:[003B02]
04142E:[041436, 041442]
04143A:[000AB2]
041442:[003B02]
041474:[04147C, 041488]
041480:[000AB2]
041488:[003B02]
04149E:[0414A8, 041550, 04169C]
0414C4:[0031BA]
041504:[000B6A]
04150C:[000B6A]
04155A:[003BEC]
041584:[0031BA]
04162E:[007F6E]
041636:[003B02]
04165A:[007D2E]
041684:[003B02]
041692:[007D2E]
0416A6:[007D2E]
041702:[003B02]
04170E:[041718, 041744, 0417BE]
0417BE:[003B02]
0418FA:[041902, 04190A]
04190A:[003B02]
041946:[0414A8, 041550, 04169C]
041958:[041960, 041994]
041964:[003BEC]
0419B6:[007F6E]
0419D4:[0419DC, 041A10]
0419E0:[003BEC]
041A3E:[003BEC]
041A6E:[007F6E]
041AA8:[041AB0, 041AC8]
041AD2:[041B92, 041CD8]
041B9A:[041BAC, 041BB8, 041BF0, 041C5C, 041C9C, 041CB2, 041CC8]
041BFC:[00309A]
041C00:[007D2E]
041C28:[000AAA]
041C52:[004496]
041C5C:[00309A]
041C60:[007D2E]
041C98:[003B02]
041C9C:[003122]
041CA2:[007D2E]
041CB2:[003B02]
041CC4:[003B02]
041CC8:[003B02]
041CE0:[041CEE, 041D30, 041DA0, 041DD4]
041D2A:[004496]
041D3E:[00309A]
041D42:[007D2E]
041D6C:[000AAA]
041DA0:[003B02]
041DA4:[003122]
041DAA:[007D2E]
041DD4:[003B02]
041F24:[041F2E, 041F46, 041F64]
041F46:[00309A]
041F64:[003B02]
042192:[04219C, 042218, 0422BC]
0421B8:[0031BA]
0421F4:[000B6A]
04223C:[0031BA]
0422AA:[003B02]
0422B8:[007D2E]
0422D4:[007D2E]
042312:[04231C, 042352, 04235E]
042320:[003BEC]
04235E:[003B02]
04238A:[0423A4, 0423B0]
042398:[003284]
04239C:[003270]
0423A8:[0041FA]
0423B0:[004180]
0423F6:[04240C, 042440]
042482:[000B92]
042486:[00412C]
0424C6:[0424D4, 0425E8, 042624]
0424CA:[003268]
0424DC:[0424E8, 042524, 042590, 0425D0]
042530:[00309A]
042534:[007D2E]
04255C:[000AAA]
042586:[004496]
042590:[00309A]
042594:[007D2E]
0425CC:[003B02]
0425D0:[003122]
0425D6:[007D2E]
0425F0:[0425FC, 042610]
0425F4:[003268]
04262C:[042636, 04266C, 0426B6]
042636:[003B02]
04266C:[00309A]
042670:[007D2E]
042688:[000B92]
04268C:[01B3E4]
0426B0:[002852]
04289C:[003BEC]
042984:[003BEC]
0429B8:[007F6E]
0429E8:[007F6E]
042A04:[003894]
042AD6:[007F6E]
042B8E:[003B02]
042B92:[003B3C]
042BA8:[0031BA]
042BE0:[003146]
042BEA:[007D2E]
042C40:[003146]
042C4A:[007D2E]
042C60:[0031BA]
042C76:[0031BA]
0430A2:[003AE2]
0430B6:[003AD6]
0430CE:[003AE2]
0430E6:[003AE2]
0430EE:[003AE2]
0430FC:[003AE2]
043104:[003AE2]
04310C:[003AE2]
04311C:[003AE2]
043124:[003AE2]
04312C:[003AE2]
043134:[003AE2]
043148:[003AE2]
04315C:[003AE2]
043186:[003AE2]
043196:[003AE2]
04319E:[003AE2]
0431A6:[003AE2]
0431AE:[003AE2]
0431BA:[003AD6]
045F4A:[045F56, 045FE2, 0476CA]
045F56:[00322A]
045FD8:[003AE2]
045FDC:[002F68]
045FEC:[0040F0]
046010:[04602C, 04609A, 0461B6, 0464F8, 046CEC, 0471E6]:[Edi E State 1-0, Edi E State 1-2, Edi E State 1-4, Edi E State 1-6, Edi E State 1-8, Edi E State 1-A]
046018:[003270]
046048:[003AE2]
046052:[003984]
046096:[003B02]
0460A2:[0460E8, 046138, 04617E]:[Edi E State 1-2-0, Edi E State 1-2-2, Edi E State 1-2-4]
0460DC:[003AE2]
04611A:[003AE2]
046172:[003146]
04617A:[003B02]
0461A4:[003146]
0461B2:[003B02]
0461CA:[0461E2, 04623C, 0463C4, 04640A, 046418]
0461E8:[003BEC]
04628C:[003AE2]
0462B4:[003BEC]
0462C2:[003BEC]
0462DC:[003AE2]
0463CA:[003BEC]
0463E2:[003AE2]
0463E6:[003B02]
046432:[003AE2]
046456:[003AE2]
0464A2:[003AE2]
0464B6:[003146]
0464C6:[003B02]
046500:[046512, 046712, 046846]
04651C:[046544, 0466A4]
046524:[003B02]
046554:[003BEC]
04656C:[003AE2]
04657A:[0465A4, 04662E, 04665C]
0465B4:[003BEC]
0465DA:[003BEC]
046644:[003AE2]
0466A0:[003146]
0466C8:[003AE2]
0466DA:[0465A4, 04665C]
0466F0:[003146]
04671A:[046724, 04676A, 04677E]
046728:[003BEC]
046746:[003AE2]
04677A:[003B02]
046786:[003894]
0467CE:[000AD2]
0467D2:[003A18]
04683E:[003AE2]
046842:[003B02]
04684E:[04686C, 0468AA, 0468E0, 046922]
04685E:[003AE2]
0468A6:[003AE2]
0468B8:[003146]
0468CA:[003146]
0468DC:[003B02]
0468EE:[003146]
04691A:[003AE2]
04691E:[003B02]
046994:[003BEC]
0469E4:[003BEC]
046A86:[0031BA]
046CE8:[002F9A]
046CF4:[046CFC, 046D14]
046D1E:[046D34, 046DC8, 046DEA]
046D3C:[046D48, 046D56, 046D66, 046D78]
046D52:[003AE2]
046D56:[003B02]
046D78:[003B02]
046DD0:[046D56, 046D66, 046D78, 046DDC]
046DE6:[003AE2]
046DF2:[046E02, 046E1C, 046E88, 046F60, 046FBC, 047384]
046E18:[003AE2]
046E84:[003AE2]
046E96:[00309A]
046EA0:[000AAA]
046ECA:[003B02]
046ED2:[000AAA]
046F1A:[004496]
046F24:[003AE2]
046F3A:[003BD2]
046F60:[00309A]
046FB8:[003B02]
046FBC:[003122]
04711E:[003AE2]
047146:[003AE2]
0471EE:[0471FC, 04725C, 047322, 047362, 047384]
04722A:[003AE2]
04722E:[006C3C]
047268:[00309A]
047278:[003BD2]
047284:[006C58]
0472BA:[000AAA]
0472C4:[003AE2]
0472F6:[004496]
0472FA:[003B02]
047304:[003F40]
04730E:[00287A]
047322:[00309A]
04735E:[003B02]
047362:[003B02]
047366:[003122]
04738C:[003B02]
0473EC:[000B8A]
0473FA:[047416, 047444, 04752A]
047408:[003284]
04740C:[003270]
04742A:[0041FA]
047444:[004180]
04746E:[00412C]
047534:[04753C, 04754C]
047554:[04756A, 047582, 047596, 047600]
047570:[003BEC]
047592:[003AE2]
047596:[003B02]
0475BC:[00286A]
0475E8:[000A72]
0475F4:[000A72]
047684:[003A18]
0476DA:[0476E4, 0477BE]:[Edi E State 3-0, Edi E State 3-2]
0476EC:[046E1C, 046E88, 046F60, 047700, 04771C, 04774C]
0476F0:[003268]
047700:[003122]
047718:[003AE2]
047748:[003B02]
04774C:[00309A]
04776C:[003AE2]
047770:[01B3E4]
047784:[002852]
0477BE:[003270]
04867E:[003AD6]
048A32:[048A3E, 048BBC, 04A08A, 04A21A]:[Rolento - Init - State 0, Rolento - Gameplay - State 0, Rolento - State 4, Rolento - State 6]
048A46:[048A58, 048AA2, 048B16, 048B40, 048B54]:[Rolento - State 0-0, Rolento - State 0-2, Rolento - State 0-4, Rolento - State 0-6, Rolento - State 0-8]
048A4A:[003268]
048A86:[00302E]
048A96:[002F68]
048AA6:[003B02]
048B24:[003B02]
048BC6:[0040F0]
048BEA:[002F9A]
048BF8:[048C14, 048E90, 0493EA, 049930, 049EB4]
048C04:[003270]
048C1C:[048C28, 048C92, 048D48, 048DB0]
048C34:[003BEC]
048D00:[003BEC]
048D66:[003B3C]
048D6A:[003146]
048D74:[007D2E]
048DCA:[048E2E]
048DF8:[003BEC]
048E44:[003B02]
048E48:[003B02]
048E4C:[003146]
048E5A:[007D2E]
048EA4:[048EBA, 048FB4, 049010, 049042, 049198, 049262, 0492E8, 049384]
048EC2:[048ECA, 048F42]
048ED4:[003BEC]
048F72:[003146]
048F7C:[003B02]
048F84:[007D2E]
048FBC:[048FC6, 048FF4, 049004]
048FF4:[003B02]
049018:[049004, 049022, 049034]
04903E:[000AAA]
04904A:[049004, 049060, 0490A8, 0490D2, 049118, 04911C, 04913C, 049178, 04918C]
0490A8:[003B02]
0490BC:[007D2E]
0490D2:[003B02]
049118:[003B02]
04913C:[007D2E]
0491A0:[0491B0, 0491E8, 049208, 04923C, 049250]
0491EC:[003B02]
04920C:[003B02]
04926A:[049272, 0492AC]
0492AC:[003B02]
0492B0:[003B02]
0492F0:[049004, 0492FE, 049324, 049344, 049378]
049328:[003B02]
049348:[003B02]
04938C:[049394, 0493AA]
0493F2:[049404, 04950C, 049602, 049700, 0497C8, 0498B2]
049410:[003BEC]
04946E:[003BEC]
04951C:[003B02]
049520:[003146]
04952E:[007D2E]
049542:[003BEC]
04960A:[049618, 049654, 049680]
049622:[003BEC]
0496A8:[00390C]
049708:[049716, 04974E, 04976E, 0497A2, 0497B6]
049752:[003B02]
049772:[003B02]
0497D0:[0497D8, 04981C]
0497F2:[003BEC]
04981C:[003B02]
049820:[003B02]
049852:[00390C]
049864:[003BEC]
0498BA:[04923C, 0498C6, 0498EC, 04991C]
0498F0:[003B02]
049938:[049940, 049958]
049962:[049978, 049A08, 049A24]
049980:[04998C, 049994, 0499A4, 0499B6]
049994:[003B02]
0499B6:[003B02]
049A10:[049994, 0499A4, 0499B6, 049A1C]
049A2C:[049A3C, 049A44, 049A80, 049AF4, 049B46, 049B66]
049A8C:[00309A]
049A90:[007D2E]
049AE6:[004496]
049AEE:[000AAA]
049AF4:[00309A]
049AF8:[007D2E]
049B0E:[003BD2]
049B42:[003B02]
049B46:[003122]
049B4C:[007D2E]
049EBC:[049ECA, 049EF6, 049FB4, 049FF4, 04A034]
049F10:[00309A]
049F1A:[006C58]
049F1E:[007D2E]
049F80:[004496]
049F84:[000AAA]
049F88:[003B02]
049F92:[003F40]
049F96:[000AAA]
049FA0:[00287A]
049FB4:[00309A]
049FB8:[007D2E]
049FF0:[003B02]
049FF4:[003B02]
049FF8:[003122]
049FFE:[007D2E]
04A086:[003B02]
04A092:[04A0B8]
04A0AE:[002852]
04A0C0:[04A0D2, 04A10E, 04A176, 04A1B6]
04A0C4:[003270]
04A11A:[00309A]
04A11E:[007D2E]
04A168:[004496]
04A170:[000AAA]
04A176:[00309A]
04A17A:[007D2E]
04A1B2:[003B02]
04A1B6:[003122]
04A1BC:[007D2E]
04A222:[04A22A, 04A2C4]
04A232:[04A242, 04A264, 04A292, 04A2A6]
04A236:[003268]
04A268:[003B02]
04A2C0:[003AE2]
04A2CC:[04A2E4, 04A2FC, 04A31E]
04A2DA:[003268]
04A2FC:[003B02]
04A31A:[000AAA]
04A31E:[003B02]
04A32C:[0038B6]
04A33C:[003BEC]
04A34C:[003BEC]
04A3DE:[00390C]
04A4C8:[00390C]
04A710:[00390C]
04A744:[00390C]
04A75A:[00390C]
04A802:[0031BA]
04A830:[00302E]
04A88E:[0031BA]
04A8A2:[00302E]
04A8B6:[0031BA]
04A952:[003BEC]
04AA88:[003BEC]
04ABC4:[003BEC]
04AE3E:[04AE5A, 04AE82]
04AE4C:[003284]
04AE50:[003270]
04AE7A:[0041FA]
04AE82:[004180]
04AEAC:[00412C]
04AF5C:[04AF72, 04AF7A]
04AFD4:[000B8A]
04B002:[003AE2]
04B00A:[003AE2]
04B012:[003AE2]
04B01A:[003AE2]
04B022:[003AE2]
04B02A:[003AE2]
04B032:[003AE2]
04B03A:[003AE2]
04B042:[003AE2]
04B04A:[003AE2]
04B052:[003AE2]
04B062:[003AE2]
04B072:[003AE2]
04B082:[003AE2]
04B08A:[003AE2]
04B092:[003AE2]
04B09A:[003AE2]
04B0A6:[003AD6]
04B0BE:[003AE2]
04BE24:[04BE30, 04BEDC, 04D404]:[Abigail - Init - State 0, Abigail - Gameplay - State 0, Abigail - Death - State 4]
04BEAE:[003AE2]
04BEB2:[002F68]
04BEE6:[0040F0]
04BEFC:[046BD0]
04BF0C:[04BF28, 04BF58, 04BFFA, 04CA74, 04CF26, 04CFC4]:[Abigail - State 2-0, Abigail - State 2-2, Abigail - State 2-4, Abigail - State 2-6, Abigail - State 2-8, Abigail - State 2-A]
04BF14:[003270]
04BF46:[003AE2]
04BF4A:[003146]
04BF54:[003B02]
04BF60:[04BF72, 04BFA2, 04BFCE]:[Abigail - State 2-2-0, Abigail - State 2-2-2, Abigail - State 2-2-4]
04BF88:[003AE2]
04BF8C:[046A34]
04BF9A:[003AE2]
04BFA6:[046A34]
04BFCA:[003B02]
04BFE0:[046A34]
04BFEE:[003AE2]
04BFF6:[003B02]
04C002:[04C018, 04C17A, 04C2D6, 04C510, 04C51E]:[Abigail - State 2-4-0, Abigail - State 2-4-2, Abigail - State 2-4-4, Abigail - State 2-4-6, Abigail - State 2-4-8]
04C01E:[003BEC]
04C19E:[046A3E]
04C1D0:[000B62]
04C1E4:[003AE2]
04C226:[003BEC]
04C234:[003BEC]
04C25E:[003AE2]
04C262:[003BEC]
04C2DE:[04C2EA, 04C3CA, 04C408, 04C4AE]
04C2FE:[04C306, 04C36E]
04C310:[046A3E]
04C330:[003AE2]
04C344:[046A34]
04C35E:[003B02]
04C380:[003BEC]
04C3A2:[003AE2]
04C3A6:[003B02]
04C3D2:[04C3DA, 04C3F6]
04C3F2:[003AE2]
04C41C:[04C424, 04C4A2]
04C450:[046A3E]
04C46A:[003AE2]
04C474:[003AE2]
04C478:[046A34]
04C492:[003B02]
04C4A2:[003122]
04C4AA:[003B02]
04C4B4:[046A3E]
04C4F0:[003AE2]
04C538:[003AE2]
04C53C:[046A34]
04C54A:[003AE2]
04C54E:[003146]
04C55C:[003B3C]
04C6BA:[003BEC]
04C75C:[003146]
04C76E:[003146]
04C780:[003146]
04C784:[003BEC]
04C7FE:[003BEC]
04C960:[003AE2]
04C968:[003BEC]
04CA70:[002F9A]
04CA7C:[04CA84, 04CA9C]
04CAA6:[04CABC, 04CB50, 04CB72]
04CAC4:[04CAD0, 04CADE, 04CAEE, 04CB00]
04CADA:[003AE2]
04CADE:[003B02]
04CB00:[003B02]
04CB58:[04CADE, 04CAEE, 04CB00, 04CB64]
04CB6E:[003AE2]
04CB7A:[04CB8A, 04CBA4, 04CC10, 04CCE8, 04CD44, 04D162]
04CBA0:[003AE2]
04CC0C:[003AE2]
04CC1E:[00309A]
04CC28:[000AAA]
04CC52:[003B02]
04CC5A:[000AAA]
04CCA2:[004496]
04CCAC:[003AE2]
04CCC2:[003BD2]
04CCE8:[00309A]
04CD40:[003B02]
04CD44:[003122]
04CEAC:[003AE2]
04CEE2:[003BEC]
04CEF0:[046A3E]
04CF02:[003AE2]
04CF2E:[04CF36, 04CF74]
04CF44:[003BEC]
04CFCC:[04CFDA, 04D03A, 04D100, 04D140, 04D162]
04D008:[003AE2]
04D00C:[006C3C]
04D01A:[003B02]
04D046:[00309A]
04D056:[003BD2]
04D062:[006C58]
04D072:[000AAA]
04D098:[000AAA]
04D0A2:[003AE2]
04D0D4:[004496]
04D0D8:[003B02]
04D0E2:[003F40]
04D0EC:[00287A]
04D100:[00309A]
04D13C:[003B02]
04D140:[003B02]
04D144:[003122]
04D16A:[003B02]
04D1D2:[000B8A]
04D1E0:[04D1FC, 04D232, 04D318]
04D1EE:[003284]
04D1F2:[003270]
04D218:[0041FA]
04D232:[004180]
04D25C:[00412C]
04D270:[003AE2]
04D2BA:[04D2D0]
04D322:[04D32A, 04D344]
04D340:[003AE2]
04D34C:[04D354, 04D382]
04D37A:[003AE2]
04D37E:[003B02]
04D414:[04D41E, 04D540]
04D426:[04CBA4, 04CC10, 04CCE8, 04D43A, 04D45C, 04D4CE]
04D42A:[003268]
04D43A:[003122]
04D458:[003AE2]
04D48E:[00390C]
04D4CA:[003B02]
04D4CE:[00309A]
04D4EE:[003AE2]
04D500:[002852]
04D504:[01B3E4]
04D540:[003270]
04E632:[003AD6]
04E9FE:[04EA0A, 04EB52, 04F9B2]
04EAB2:[003AE2]
04EAB6:[002F68]
04EABA:[00390C]
04EB06:[00390C]
04EB5E:[000BAA]
04EB7C:[0040F0]
04EB9E:[04EBD4, 04EBF4, 04EEF4, 04F054, 04F5B8, 04F7BE, 04F83E, 04FF5E, 05049A]
04EBA4:[003270]
04EBEC:[003146]
04EBF0:[003B02]
04EC22:[04EC34, 04EC76, 04EDC0]
04EC48:[003AE2]
04EC60:[046A34]
04EC94:[046A34]
04ECA6:[003146]
04ECDA:[003B02]
04ED90:[003BEC]
04EDC8:[04EDE8, 04EE3C, 04EE82, 04EED6]
04EDCC:[046A34]
04EDDA:[003AE2]
04EDF0:[003146]
04EDFA:[003B02]
04EE38:[003AE2]
04EE4A:[003146]
04EE5C:[003146]
04EE6E:[003B02]
04EE90:[003146]
04EECE:[003AE2]
04EED2:[003B02]
04EF02:[04EF16, 04EF56, 04EFB6, 04F042]
04EF1C:[003BEC]
04EF40:[003AE2]
04EF6E:[046A3E]
04EF9A:[003AE2]
04EFB0:[003AE2]
04F026:[003B02]
04F04C:[003146]
04F050:[003B02]
04F0C2:[04F0CC, 04F242, 04F50A]
04F0DC:[04F198, 04F1CE, 04F232]
04F116:[003BEC]
04F1AE:[003BEC]
04F1D8:[003BEC]
04F1E6:[003146]
04F1EE:[046A34]
04F25E:[04F282, 04F314, 04F324, 04F412, 04F47E, 04F4B2]
04F292:[04F2B8, 04F2DA]
04F318:[003BEC]
04F386:[046A3E]
04F3AC:[003AE2]
04F3DE:[046A3E]
04F3F6:[003AE2]
04F43E:[003146]
04F442:[00309A]
04F44A:[003B02]
04F46E:[046A3E]
04F47A:[003AE2]
04F49A:[046A34]
04F4A8:[003AE2]
04F4AE:[003B02]
04F4C2:[046A3E]
04F4CE:[003AE2]
04F4E4:[04F4F6, 04F4FC]
04F514:[04F51C, 04F584]
04F520:[046A3E]
04F52C:[003AE2]
04F53C:[003BEC]
04F54C:[003BEC]
04F5A4:[046A3E]
04F5B4:[003AE2]
04F5C6:[04F5D0, 04F5FA, 04F630]
04F5F2:[003AE2]
04F64A:[04F66C, 04F754, 04F770, 04F788]
04F736:[003B02]
04F750:[003AE2]
04F784:[003B02]
04F7B2:[003AE2]
04F7C8:[04F7D8, 04F7EC]
04F7E8:[003AE2]
04F7F4:[003B02]
04F848:[04F856, 04F8E4, 04F8FA, 04F952]
04F886:[046A3E]
04F8E0:[003AE2]
04F926:[003B02]
04F96A:[00309A]
04F972:[003B02]
04F9C2:[04F9CC]
04F9D4:[04F9E0, 04FA22]
04F9D8:[003270]
04FA08:[003AE2]
04FA1A:[002852]
04FA1E:[000BDA]
04FA60:[0045E8]
04FA70:[0045E8]
04FA74:[000AEA]
04FA78:[000A16]
04FA7C:[00309A]
04FBE0:[003BEC]
04FC98:[002F9A]
04FD3C:[0031BA]
04FDB4:[003894]
04FDFA:[000B2A]
04FE52:[003894]
04FE98:[000B2A]
04FE9E:[003948]
04FEE0:[00390C]
04FF66:[04FF6E, 04FF86]
04FF90:[050044, 050076]
04FFF4:[003B02]
05004C:[04FFE2, 04FFF4, 050058, 050066]
050062:[003AE2]
050066:[003B02]
05007E:[05008E, 0500A8, 050108, 0501D6, 050232, 050638]
0500A4:[003AE2]
050104:[003AE2]
050116:[00309A]
050120:[000AAA]
05014C:[000AAA]
050194:[004496]
05019E:[003AE2]
0501B4:[003BD2]
0501D6:[00309A]
05022E:[003B02]
050232:[003122]
05039A:[003AE2]
0503A8:[046A3E]
0503DC:[003AE2]
0503F8:[003AE2]
0504A2:[0504B0, 050510, 0505D6, 050616, 050638]
0504DE:[003AE2]
0504E2:[006C3C]
0504F0:[003B02]
05051C:[00309A]
05052C:[003BD2]
050538:[006C58]
050548:[000AAA]
05056E:[000AAA]
050578:[003AE2]
0505AA:[004496]
0505AE:[003B02]
0505B8:[003F40]
0505C2:[00287A]
0505D6:[00309A]
050612:[003B02]
050616:[003B02]
05061A:[003122]
050640:[003B02]
0506B2:[000B8A]
050718:[050732, 0507AC]
050726:[003284]
05072A:[003270]
050756:[003BEC]
050772:[0041FA]
0507A8:[003AE2]
0507D8:[004180]
0507FE:[00412C]
05085C:[050872]
05087A:[003BEC]
051038:[003AD6]
0513B4:[0513C0, 05141E]
05142A:[05143A, 051492, 0514C2]
05142E:[003268]
051498:[003122]
0514D4:[02F778]
0514DA:[02F84E]
051512:[003146]
051516:[003B02]
051524:[003146]
051528:[003B02]
051562:[05156E, 0515E2, 051634, 05163C]
05157A:[00322A]
0515BA:[0515D6]
0515DC:[003AE2]
051608:[051632]
05162A:[003348]
051646:[051670, 051690, 0516B0]
051684:[0044E4]
051688:[000AFA]
05168C:[00392E]
0516A4:[0044E4]
0516A8:[000AFA]
0516AC:[00392E]
0516C4:[0044E4]
0516C8:[000AFA]
0516CC:[00392E]
051714:[002852]
051772:[05177E, 0517BC, 0518BC, 051A68]
0517B8:[003AD6]
0517E2:[003268]
051802:[003B76]
051806:[003270]
051814:[051828, 05182A]
051832:[05183E, 05184C, 0518A8, 0518BA]
051878:[004702]
05187E:[00309A]
0518A4:[004496]
0518A8:[003122]
0518C4:[05190E, 0519A8, 051A0C, 051A4E]
0518CE:[00322A]
0518E8:[0036A2]
051936:[003A18]
05196A:[003AE2]
051984:[002852]
051994:[05A8E0]
0519B4:[00309A]
0519B8:[007E36]
051A06:[004496]
051A0C:[00309A]
051A10:[007E36]
051A4E:[003122]
051A58:[007E36]
051A68:[00392E]
051BBA:[051BC6, 051C1E, 051D4A, 051D70]
051C12:[003AE2]
051C4E:[051C5C, 051C84, 051D2A]
051C52:[00327C]
051C8C:[051C96, 051CAC, 051CC4]
051CC4:[006360]
051CF4:[003AE2]
051CF8:[000AEA]
051D0C:[0045E2]
051D20:[0045E2]
051D24:[05A8E0]
051D60:[003B76]
051D6A:[003268]
051D70:[00392E]
051DC2:[00390C]
051FD4:[051FE0, 052014, 05204C, 0520CE]
05202E:[003268]
052032:[003B02]
052036:[003270]
052046:[003B76]
052054:[05209A, 0520CC]
05205E:[00322A]
052078:[0036A2]
0520A6:[0044E4]
0520AE:[05A8E0]
0520C4:[002852]
0520CE:[00392E]
0520DC:[003AD6]
0520EA:[003AD6]
0522A2:[0522AE, 0522E4, 052318, 0523A0]
0522E0:[003AE2]
0522FE:[003268]
052302:[003270]
052312:[003B76]
052320:[052366, 05239E]
05232A:[00322A]
052344:[0036A2]
052378:[003AE2]
05237C:[0044E4]
052380:[05A8E0]
052396:[002852]
0523A0:[00392E]
052432:[05243E, 052474, 0524B4, 05261A]
052470:[003AE2]
05249A:[003268]
05249E:[003270]
0524AE:[003B76]
0524BC:[052506, 05255A, 0525BE, 052600]
0524C6:[00322A]
0524E0:[0036A2]
05250C:[003AE2]
052510:[05A8E0]
052552:[002852]
052566:[00309A]
05256A:[007E36]
0525B8:[004496]
0525BE:[00309A]
0525C2:[007E36]
052600:[003122]
05260A:[007E36]
05261A:[00392E]
0526B0:[0526BC, 0526F2, 052732, 0528A2]
0526EE:[003AE2]
052718:[003268]
05271C:[003270]
05272C:[003B76]
05273A:[052784, 0527DC, 052846, 052888]
052744:[00322A]
05275E:[0036A2]
05278A:[003AE2]
0527BA:[0044E4]
0527BE:[05A8E0]
0527D4:[002852]
0527D8:[000AFA]
0527E8:[00309A]
0527EC:[007E36]
052840:[004496]
052846:[00309A]
05284A:[007E36]
052888:[003122]
052892:[007E36]
0528A2:[00392E]
052948:[052954, 05298C, 0529CC, 052B6C]
052988:[003AE2]
0529B2:[003268]
0529B6:[003270]
0529C6:[003B76]
0529D4:[052A20, 052AA6, 052B0C, 052B52]
0529DE:[00322A]
0529FA:[0036A2]
052A4C:[003AE2]
052A50:[05A8E0]
052A5A:[003A18]
052A9E:[002852]
052AB2:[00309A]
052AB6:[007E36]
052B06:[004496]
052B0C:[00309A]
052B10:[007E36]
052B52:[003122]
052B5C:[007E36]
052B6C:[00392E]
052CFA:[052D06, 052D3C, 052D76, 052E2E]
052D38:[003AE2]
052D5C:[003268]
052D60:[003270]
052D70:[003B76]
052D7E:[052DC4, 052E2C]
052D88:[00322A]
052DA2:[0036A2]
052DD6:[003AE2]
052DDA:[0044E4]
052DDE:[05A8E0]
052DE4:[003A18]
052E24:[002852]
052E28:[000AEA]
052E2E:[00392E]
052F40:[052F4C, 052FD0, 0530FA, 053114]
052F9E:[00390C]
052FCA:[003AE2]
052FD8:[053014, 0530E2]
053000:[00327C]
053004:[0036A2]
05302A:[0009E4]
05305C:[002852]
053060:[002114]
053074:[0009E4]
053092:[003AD6]
0530A6:[0009E4]
0530DA:[002852]
0530DE:[002114]
0530E2:[003B02]
0530FE:[0044E4]
053118:[00392E]
053198:[003AE2]
053646:[053658, 05369A, 0538AA, 053A3A]
053686:[002F68]
053696:[003AE2]
0536BA:[003268]
0536C6:[0536E2]
0536D6:[003B76]
0536DA:[003270]
0536EA:[0536FA, 053762, 0537AE, 0537EC, 05383C, 05387C]
05370E:[003858]
05379A:[004702]
05379E:[000B02]
0537A8:[003AE2]
0537BA:[006360]
0537BE:[00309A]
0537E6:[003AE2]
0537F8:[006360]
0537FC:[00309A]
053832:[004496]
053836:[000B0A]
053848:[006360]
05384C:[003B02]
053850:[00309A]
053888:[006360]
053898:[003B02]
0538B2:[0538FC, 05397A, 0539DE, 053A20]
0538BC:[00322A]
0538D6:[0036A2]
053924:[003A18]
053958:[003AE2]
05395C:[05A8E0]
053972:[002852]
053986:[00309A]
05398A:[007E36]
0539D8:[004496]
0539DE:[00309A]
0539E2:[007E36]
053A20:[003122]
053A2A:[007D2E]
053A3A:[00392E]
053F24:[053F30, 053F40]
053F52:[053F6E]
0541F8:[054204, 054234]
054230:[003AE2]
05424C:[054260, 054292, 0542C4]
054254:[003270]
054276:[004676]
05428E:[004676]
0542A8:[004676]
0542C0:[004676]
0542DE:[004676]
0542F6:[004676]
054334:[003270]
054368:[002852]
05436C:[002114]
0543C6:[0543D2, 054402]
0543FE:[003AE2]
05441A:[05442E, 054460, 054492]
054422:[003270]
054444:[004676]
054476:[004676]
05448E:[004676]
0544AC:[004676]
0544C4:[004676]
0544FA:[003268]
054502:[004676]
054506:[003270]
05453A:[002852]
05453E:[002114]
054598:[0545A4, 0545D4]
0545D0:[003AE2]
0545EC:[0545FE, 054630, 054666]
0545F4:[003270]
054614:[004676]
05462C:[004676]
05464A:[004676]
054662:[004676]
0546A4:[003270]
0546D8:[002852]
0546DC:[002114]
054736:[054742, 054778, 0547B4]
05476C:[003AE2]
054770:[00322A]
054774:[000AF2]
05477E:[003B02]
054790:[006360]
054796:[003270]
05479A:[003B02]
0547B0:[003268]
0547B4:[00392E]
054B06:[054B12, 054B5A, 054B5E]
054B4A:[003AE2]
054B4E:[00322A]
054B5A:[00392E]
054B66:[054B8E, 054BAE, 054BCE, 054BEE]
054B78:[006360]
054B82:[003270]
054B94:[003B02]
054BAA:[003AE2]
054BB4:[003B02]
054BCA:[003AE2]
054BD4:[003B02]
054BEA:[003AE2]
054BF4:[003B02]
054C26:[003A18]
054C5C:[003A18]
054DBE:[054DCA, 054E1C, 054F28]
054E04:[003AE2]
054E0E:[00322A]
054E12:[000BE2]
054E24:[054E32, 054E76]
054E42:[003B02]
054E5A:[003270]
054E5E:[006360]
054E64:[00328A]
054E68:[003268]
054E8C:[003AE2]
054E96:[000BE2]
054EA4:[054EB0, 054EDE, 054F28]
054EDA:[003AE2]
054EDE:[003B02]
054EF6:[003270]
054EFA:[006360]
054F00:[00328A]
054F04:[003268]
054F28:[00392E]
05519E:[0551AA, 0551DA, 05521A, 055388]
0551D6:[003AE2]
055200:[003268]
055204:[003270]
055214:[003B76]
055222:[05526C, 0552C4, 055328, 05536E]
05522C:[00322A]
055246:[0036A2]
05526C:[0044E4]
0552A8:[003AE2]
0552BC:[002852]
0552D0:[00309A]
0552D4:[007E36]
055322:[004496]
055328:[00309A]
05532C:[007E36]
05536E:[003122]
055378:[007E36]
055388:[00392E]
0554F6:[055502, 055546, 05556A]
05550A:[003BEC]
055532:[003AD6]
055546:[003B02]
05556A:[003AA0]
0556A4:[0556B0, 0556DE, 055734]
0556B0:[00322A]
055724:[003AD6]
055734:[003AA0]
0557AE:[003AE2]
0558E0:[0558EC, 055914, 055918]
055908:[003AE2]
055914:[003AA0]
055920:[05592A, 05595E, 055992]
055930:[003B02]
05593A:[00322A]
055956:[003AE2]
05595A:[00322A]
055964:[003B02]
05598A:[003AE2]
05598E:[00322A]
055998:[003B02]
055B3A:[055B46, 055B96, 055D12]
055B46:[00322A]
055B7C:[003AD6]
055B9E:[055BBE, 055C22, 055CC4]
055BA2:[00322A]
055C22:[003B02]
055C3A:[003100]
055C4C:[007F96]
055CC4:[003B02]
055CDC:[003100]
055CE8:[007F96]
055D12:[003AA0]
0560D6:[0560E2, 0560F8, 056112]
0560F4:[003AE2]
0560F8:[003B02]
056112:[003AA0]
05614E:[05615A, 0561D2, 0562DC]
05615A:[00322A]
0561AE:[003AD6]
0561DA:[0561FA, 056216, 056292]
0561DE:[00322A]
05622A:[003100]
056236:[007F96]
0562A6:[003100]
0562B2:[007F96]
0562DC:[003AA0]
056390:[05639C, 0568C6, 056924, 05692E]
0563A4:[0563AC, 0565B0]
0565E6:[003AD6]
0565FE:[003AD6]
0566F8:[05670C, 056726, 056736, 056746, 056756]
056756:[003BEC]
0568DC:[0030D6]
0568F2:[00322A]
0568F8:[0030D6]
056900:[003676]
05691C:[003B02]
056920:[003B3C]
05692E:[0039A6]
056DF8:[056E04, 057152, 0571B0, 0571B8]
056E0C:[056E14, 056F88]
056FBA:[003AD6]
057168:[0030D6]
05717E:[00322A]
057184:[0030D6]
05718C:[0036A2]
0571A8:[003B02]
0571AC:[003B3C]
0571B8:[0039A6]
057A2A:[057A36, 057A82, 057ACC, 057AD0]
057A8A:[057AA4, 057ABE]
057A9A:[003268]
057ABA:[003AE2]
057ACC:[00387A]
057AD0:[004290]
057ADC:[057AFC, 057BE0]
057AE0:[00328A]
057AF2:[003B76]
057B04:[057B1C, 057B54]
057B12:[0036A2]
057B2C:[0042F6]
057B54:[00440C]
057B60:[00322A]
057B9C:[057BA4, 057BA6]
057BE8:[057BFA, 057C2A, 057E38, 057EEC, 057FEA]
057BEC:[003268]
057C02:[057C0E, 057C28]
057C24:[003AE2]
057C32:[057C3C, 057C7E, 057D10]
057C7A:[003AE2]
057C7E:[003070]
057C82:[007D2E]
057CAE:[003BEC]
057CFC:[003B02]
057D10:[003070]
057D14:[007D2E]
057D42:[003B02]
057D4C:[0042CC]
057E00:[057E0A]
057E40:[057E48, 057E90]
057E82:[003AE2]
057E9C:[007D2E]
057EAE:[000ABA]
057EB6:[0066E2]
057EC2:[003B02]
057EC6:[000AC2]
057EF4:[057F02, 057F2A, 057FA2]
057F26:[003AE2]
057F36:[00309A]
057F3A:[007D2E]
057FAE:[00309A]
057FB2:[007D2E]
057FF2:[058000, 058058, 05808A]
058036:[003AE2]
05803A:[00390C]
058058:[003070]
058082:[000ABA]
058086:[003B02]
05808A:[003070]
0580AA:[003B02]
058242:[05824E, 0582A2, 0582EC, 0582F0]
0582AA:[0582C4, 0582DE]
0582BA:[003268]
0582DA:[003AE2]
0582EC:[00387A]
0582F0:[004290]
0582FC:[058322, 058368]
058300:[00328A]
058318:[003B76]
05832A:[058342, 058356]
058338:[0036A2]
058352:[0042F6]
058356:[00440C]
05835E:[00322A]
058370:[058380, 0583BE, 05858C, 0586CA]
058374:[003268]
058388:[058394, 0583B2]
0583AA:[003AE2]
0583AE:[007D2E]
0583B8:[007D2E]
0583C6:[0583D0, 058412, 0584AA]
05840E:[003AE2]
058412:[003070]
058416:[007D2E]
058442:[003BEC]
058496:[003B02]
0584AA:[003070]
0584AE:[007D2E]
0584E0:[003B02]
0584EA:[0042CC]
058594:[0585A2, 0585CA, 058642]
0585C6:[003AE2]
0585D6:[00309A]
0585DA:[007D2E]
05864E:[00309A]
058652:[007D2E]
058692:[05869C]
0586D2:[0586DE, 058736, 058768]
058714:[003AE2]
058718:[00390C]
058736:[003070]
058760:[000ABA]
058764:[003B02]
058768:[003070]
058788:[003B02]
058AD0:[058ADC, 058B24, 058B6E, 058B72]
058B2C:[058B46, 058B60]
058B3C:[003268]
058B5C:[003AE2]
058B6E:[00387A]
058B72:[004290]
058B7E:[058B9E, 058BE2]
058B82:[00328A]
058B94:[003B76]
058BA6:[058BBE, 058BD2]
058BB4:[0036A2]
058BCE:[0042F6]
058BD2:[00440C]
058BD8:[00322A]
058BEA:[058BFA, 058C2A, 058E1E, 058F5C]
058BEE:[003268]
058C02:[058C0E, 058C28]
058C24:[003AE2]
058C32:[058C3C, 058C9A, 058D38]
058C6A:[003AE2]
058C9A:[003070]
058CA4:[007D2E]
058CD0:[003BEC]
058D14:[003B02]
058D38:[003070]
058D3C:[007D2E]
058D72:[003B02]
058D7C:[0042CC]
058E26:[058E34, 058E5C, 058ED4]
058E58:[003AE2]
058E68:[00309A]
058E6C:[007D2E]
058EE0:[00309A]
058EE4:[007D2E]
058F24:[058F2E]
058F64:[058F70, 058FC8, 058FFA]
058FA6:[003AE2]
058FAA:[00390C]
058FC8:[003070]
058FF2:[000ABA]
058FF6:[003B02]
058FFA:[003070]
05901A:[003B02]
059312:[05931E, 05933A, 059342, 059346]
059342:[00387A]
05934E:[059372]
059352:[00328A]
059356:[003268]
059368:[003B76]
05937A:[059382, 0593A2]
0593AA:[0066E2]
05947E:[003AD6]
05952E:[05953A, 05955E, 0595D4, 0595D8]
059566:[059580, 0595C6]
059576:[003268]
059592:[003AE2]
05959C:[000AE2]
0595A0:[003948]
0595D4:[00387A]
0595D8:[004290]
0595E4:[059604, 05967A]
0595E8:[00328A]
0595FA:[003B76]
05960C:[05962E, 059642]
059624:[0036A2]
05963E:[0042F6]
05964A:[00322A]
059682:[05968E, 05972A]
059686:[003268]
059696:[05969E, 0596B4]
0596B0:[003AE2]
0596B4:[00309A]
0596B8:[007D2E]
0596CE:[006714]
0596EA:[003B02]
059710:[003AE2]
059714:[000ABA]
059726:[002852]
059732:[05973C, 059752, 059784]
05974E:[003AE2]
059752:[00309A]
059756:[007D2E]
059780:[003B02]
059784:[00309A]
059788:[007D2E]
059794:[006714]
0597B2:[003B02]
0597BC:[0042CC]
05983E:[003AD6]
059AE2:[059AEE, 059B48, 059B50, 059B54]
059B0E:[059B18, 059B38]
059B24:[003AE2]
059B44:[003AE2]
059B50:[00387A]
059B5C:[059B88, 059C94, 059E9A, 059FA2]
059B60:[00328A]
059B64:[003268]
059B76:[003B76]
059B90:[059BD6, 059C16, 059C2C, 059C42, 059C58]
059BA2:[007D2E]
059BB4:[000ABA]
059BBC:[0066E2]
059BF8:[00390C]
059C9C:[059CA6, 059CDA, 059D16]
059CD6:[003AE2]
059CDA:[003B02]
059CDE:[00309A]
059D16:[003B02]
059D1A:[00309A]
059EA2:[059F16, 059F5E, 059F74, 059F8A]
059ECC:[000ABA]
059ED4:[007D2E]
059EF4:[0066E2]
059F40:[00390C]
059FAA:[059FB4, 059FE8, 05A044]
059FE4:[003AE2]
059FE8:[003B02]
059FEC:[00309A]
059FF0:[007D2E]
05A002:[000ABA]
05A044:[003B02]
05A048:[00309A]
05A04C:[007D2E]
05A50E:[05A51A, 05A618, 05A828, 05A85E]
05A54E:[003AE2]
05A624:[05A64E, 05A664, 05A6DA, 05A71A, 05A71C, 05A764, 05A782]
05A634:[003B76]
05A638:[00322A]
05A63C:[0036A2]
05A674:[007D2E]
05A6EA:[007D2E]
05A764:[003146]
05A78A:[05A794, 05A7DC, 05A808]
05A7BE:[00390C]
05A802:[000B02]
05A830:[05A840, 05A850]
05A834:[00322A]
05A838:[0036A2]
05A85E:[00396A]
05A88C:[05A896]
05A902:[003BEC]
05A918:[003984]
05A950:[003894]
05ABB6:[003BEC]
05AC9A:[01E0C8, 05ACAA, 05ADBA]
05ACB2:[05ACBE, 05ACD2, 05ADA2, 05ADB0]
05ACDA:[05ACE2, 05AD44]
05ACEA:[05ACF4, 05AD00, 05AD20]
05AD1A:[0009E4]
05AD3A:[0009E4]
05AD4C:[05AD56, 05AD62, 05AD7A]
05AD74:[0009E4]
05AD9C:[0009E4]
05ADC2:[05ADCE, 05ADEA, 05B064]
05ADE4:[003AE2]
05ADF2:[05ADFA, 05AE0C]
05AE14:[05AE26, 05AE7A, 05AEFC, 05AFAA, 05B006]
05AE18:[00368C]
05AE2E:[05AE36, 05AE44]
05AE82:[05AE8E, 05AE9A, 05AEAC, 05AEC6]
05AEDA:[0009E4]
05AF10:[0009E4]
05AF1C:[05AF54, 05AF6E]
05AF86:[0009E4]
05AFB2:[05AFBE, 05AFCA, 05AFDC, 05AFF6]
05B00E:[05B016, 05B04E]
05B03A:[00390C]
05B180:[05B188, 05B1D8]
05B1A0:[001E90]
05B1B2:[0014AE]
05B1C0:[001E90]
05B1D2:[0014AE]
05B394:[05B3DE, 05B3F2, 05B412, 05B432]
05B498:[001F2A]
05B4A8:[05B4B4, 05B4EA, 05B500]
05B4E6:[001F2A]
05B53A:[001D00]
05B546:[001DC6]
05C36E:[06256C]
05C376:[002B42]
05C37E:[00087E]
05C390:[05C39A, 05C420, 05C8A0]:[Char select State 0, Char select State 2, Char select State 4]
05C39A:[000A16]
05C39E:[000A22]
05C3A6:[0009D0]
05C3AA:[002260]
05C3AE:[064504]
05C3B6:[061D56]
05C3C2:[00283A]
05C3CA:[00283A]
05C3D2:[00283A]
05C3D6:[002478]
05C458:[00A0FE]
05C476:[00A0FE]
05C4FE:[002DDE]
05C5A6:[000BBA]
05C5CA:[000BBA]
05C62A:[000BC2]
05C636:[00295E]
05C8A0:[002530]
05C8A4:[000A16]
05C8AC:[00283A]
05C8B4:[00087E]
05C8D2:[0008FE]
05C8D6:[000850]
05C8EE:[00087E]
05C8FE:[05C908, 05C96E, 05C9CC]
05C97A:[005476]
05C9D6:[05C9E6, 05CAE0, 05CB62, 05CD62, 05CEAC, 05CF1C]
05C9F0:[05CA00, 05CA16, 05CA28, 05CAA2, 05CABC, 05CACE]
05CA30:[05CA3C, 05CA56, 05CA7C, 05CA94]
05CAEA:[05CAF8, 05CB02, 05CB24, 05CB3E, 05CB50]
05CB0A:[05CA3C, 05CA56, 05CA7C, 05CB16]
05CB6C:[05CB86, 05CB94, 05CBAE, 05CBC0, 05CBD0, 05CBDE, 05CBFC, 05CC1A, 05CC2A, 05CCC6, 05CD48]
05CBEA:[0014AE]
05CC08:[0014AE]
05CC32:[05CC3C, 05CC62, 05CC8A]
05CC5E:[0014AE]
05CC86:[0014AE]
05CCB4:[0014AE]
05CCC2:[0014AE]
05CCCE:[05CCD8, 05CCF2, 05CD0E]
05CCEE:[0014AE]
05CD0A:[0014AE]
05CD2C:[0014AE]
05CD44:[0014AE]
05CD54:[0014AE]
05CD6C:[05CD80, 05CDA4, 05CDB8, 05CDCA, 05CDDC, 05CE64, 05CE7A, 05CE8C]
05CD90:[000A2E]
05CD9E:[0009D0]
05CDE4:[05CDF0, 05CE0E, 05CE3A, 05CE56]
05CEB6:[05CEC2, 05CED4, 05CEEC, 05CEFE]
05CF16:[000850]
05CF26:[05CF38, 05CF4E, 05CF60, 05CF84, 05CF96, 05D01E, 05D032]
05CF7E:[0009D0]
05CF9E:[05CFAA, 05CFC8, 05CFF4, 05D010]
05D05C:[00120A]
05D2DC:[001BB8]
05D2F4:[001BB8]
05D3A8:[0014AE]
05D3BE:[0014AE]
05D3D6:[0014AE]
05D8B0:[00283A]
05D8B8:[00087E]
05D8C4:[00283A]
05D8CC:[00087E]
05DA20:[002B42]
05DA32:[05DA3C, 05DA8A, 05DAEC]
05DA60:[0025FC]
05DA78:[009634]
05DA7E:[000A10]
05DA86:[0009D0]
05DA96:[064508]
05DAB8:[000A34]
05DAC6:[0009D0]
05DAD0:[0009E4]
05DB06:[05DB18, 05DB26]
05DB52:[05DB5C]
05E080:[064508]
05E100:[01B352]
05E10A:[0014AE]
05E1F4:[05E200, 05E212, 05E266]
05E21A:[05E238, 05E24C]
05E26E:[05E278, 05E286, 05E2BC]
05E3F6:[0165BC]
05E40A:[05E418, 05E442]
05E40E:[00371E]
05E43E:[003AE2]
05E44E:[05E442, 05E45C]
05E452:[00371E]
05E46E:[05E47C, 05E4B6]
05E472:[00371E]
05E4AE:[003AE2]
05E4BE:[05E4CE, 05E4DC, 05E510, 05E53A]
05E4C2:[00371E]
05E4DC:[003146]
05E510:[003146]
05E52E:[003AE2]
05E532:[000A34]
05E536:[000AC2]
05E546:[05E554, 05E590, 05E61E]
05E54A:[00371E]
05E584:[003AE2]
05E58C:[0009E4]
05E598:[05E5A0]
05E5CE:[003B02]
05E5EC:[000A34]
05E97E:[000402]
05EA88:[05E878, 05E8AA, 05E8DC, 05E90E, 05E940, 05E972]
05EAD2:[05E85E, 05E884, 05E890, 05E8B6, 05E8C2, 05E8E8, 05E8F4, 05E91A, 05E926, 05E94C, 05E958, 05E97E]
05EAFE:[05E820]
05EB46:[05E830, 05E838, 05E840]
05EB5E:[05E818]
05EB8C:[05E828]
0613D8:[00087E]
061420:[061480, 0614E6, 061552, 0615CA, 061686, 0616B6, 0616B8, 0616BA]
061452:[00390C]
06148A:[061494, 061496, 061498]
0614A0:[0614AA, 0614CA, 0614E4]
0614F0:[0614FC, 06152C, 06152E, 061530]
061504:[06150C, 06152A]
061538:[061540, 061550]
06155C:[061566, 06158C, 06158E]
06156E:[061576, 06158A]
061596:[06159E, 0615C8]
0615B2:[004748]
0615D4:[0615DC, 0615DE]
0615E6:[0615F2, 0615FE, 061622, 061648]
061602:[003BEC]
06162C:[003BEC]
061662:[06166A, 061678]
06168E:[061696, 0616B4]
0616AA:[004748]
0616CA:[0616E2, 0616E4, 061A6A, 061B6A, 061C3A, 061C3C, 061C8C, 061D50]
0616EE:[0616FA, 061812, 061A1E, 061A20]
061702:[06170C, 06173C, 061806]
061736:[0009E4]
0617AE:[0009E4]
0617BC:[0617C6, 0617E2, 0617F0]
06181A:[061828, 061854, 061926, 061A06, 061A1C]
06184E:[0009E4]
061874:[0009E4]
061880:[06188C, 0618B6, 0618E4, 0618FC]
061896:[003BEC]
061960:[06196C, 061996, 0619C4, 0619DC]
061976:[003BEC]
061A10:[0024F4]
061A28:[061A34, 061A44, 061A56]
061A74:[061A7E, 061ADC, 061ADE]
061A86:[061A90, 061ABC, 061ADA]
061AE6:[061AF0, 061B2C, 061B68]
061B74:[061B7C, 061B7E]
061B86:[061B94, 061BD6, 061BF0, 061C20, 061C38]
061C46:[061C50, 061C88, 061C8A]
061C58:[061C60, 061C86]
061CA2:[061CC8]
061D88:[061D90, 061DC0]
061F36:[061F44, 06206A, 062246]
061FEC:[061FF8, 061FFA, 061FFC]
062252:[06225E, 062260, 0622D6]
062358:[062360, 06237A]
06240A:[062416, 062442]
062468:[062474, 0624B6]
0625B8:[0021C6]
062970:[00390C]
0629B0:[00390C]
062D58:[00053E, 062D70, 062DAE, 062DD2, 062E10, 062E34, 062E4E, 062E72, 062E96]
